<?xml version="1.0" encoding="UTF-8"?>
<testsuite xmlns:xsi="http://www.w3.org/2001/XMLSchema-instance" xsi:noNamespaceSchemaLocation="https://maven.apache.org/surefire/maven-surefire-plugin/xsd/surefire-test-report-3.0.xsd" version="3.0" name="com.parasoft.parabank.web.controller.RequestLoanControllerTest" time="0.447" tests="3" errors="0" skipped="0" failures="0">
  <properties>
[...]
</properties>
  <testcase name="testOnSubmit" classname="com.parasoft.parabank.web.controller.RequestLoanControllerTest" time="0.164">
    <system-out><![CDATA[16:26:30.847 [main] INFO  org.eclipse.jetty.server.Server - jetty-9.4.49.v20220914; built: 2022-09-14T01:07:36.601Z; git: 4231a3b2e4cb8548a412a789936d640a97b1aa0a; jvm 11.0.10+8-LTS-162
16:26:30.848 [main] INFO  org.eclipse.jetty.server.handler.ContextHandler - Started o.e.j.s.ServletContextHandler@7060b10e{/__admin,null,AVAILABLE}
16:26:30.848 [main] INFO  org.eclipse.jetty.server.handler.ContextHandler.ROOT - RequestHandlerClass from context returned com.github.tomakehurst.wiremock.http.StubRequestHandler. Normalized mapped under returned 'null'
16:26:30.848 [main] INFO  org.eclipse.jetty.server.handler.ContextHandler - Started o.e.j.s.ServletContextHandler@565e7091{/,null,AVAILABLE}
16:26:30.850 [main] INFO  org.eclipse.jetty.server.AbstractConnector - Started NetworkTrafficServerConnector@7f8ac54f{HTTP/1.1, (http/1.1, h2c)}{0.0.0.0:19089}
16:26:30.850 [main] INFO  org.eclipse.jetty.server.Server - Started @29702ms
16:26:30.970 [qtp1704175922-1118] INFO  org.eclipse.jetty.server.handler.ContextHandler.__admin - RequestHandlerClass from context returned com.github.tomakehurst.wiremock.http.AdminRequestHandler. Normalized mapped under returned 'null'
16:26:30.971 [main] INFO  com.parasoft.parabank.test.util.AbstractParaBankDataSourceTest - loaded requestLoan mock for wsdl
16:26:30.973 [main] INFO  com.parasoft.parabank.test.util.AbstractParaBankDataSourceTest - loaded requestLoan mock for 10.00
16:26:30.976 [main] INFO  com.parasoft.parabank.test.util.AbstractParaBankDataSourceTest - loaded requestLoan mock for 100.00
16:26:30.979 [main] INFO  com.parasoft.parabank.test.util.AbstractParaBankDataSourceTest - loaded requestLoan mock for 1000.00
16:26:30.981 [main] INFO  com.parasoft.parabank.test.util.AbstractParaBankDataSourceTest - loaded requestLoan mock for 10000.00
16:26:30.983 [main] INFO  com.parasoft.parabank.dao.jdbc.JdbcAccountDao - Retrieved 11 accounts for customerId = 12212
16:26:30.985 [main] INFO  com.parasoft.parabank.dao.jdbc.JdbcAccountDao - Retrieved 11 accounts for customerId = 12212
16:26:30.987 [main] INFO  com.parasoft.parabank.dao.jdbc.JdbcAccountDao - Retrieved 11 accounts for customerId = 12212
16:26:30.987 [main] INFO  com.parasoft.parabank.domain.logic.impl.BankManagerImpl - Submitting loan request for customer with id = 12212 in the amount of $1000.00 at Mon Apr 17 16:26:30 CEST 2023
16:26:30.993 [main] INFO  org.apache.cxf.wsdl.service.factory.ReflectionServiceFactoryBean - Creating Service {http://service.parabank.parasoft.com/}LoanProcessorServiceImplService from WSDL: http://localhost:19089/wsdl/parabank/services/LoanProcessor?wsdl
16:26:30.998 [main] INFO  org.apache.cxf.wsdl.service.factory.ReflectionServiceFactoryBean - Creating Service {http://service.parabank.parasoft.com/}LoanProcessorServiceImplService from WSDL: http://localhost:19089/wsdl/parabank/services/LoanProcessor?wsdl
16:26:31.008 [main] INFO  com.parasoft.parabank.dao.jdbc.JdbcAccountDao - Created new account with id = 13566
16:26:31.008 [main] INFO  com.parasoft.parabank.dao.jdbc.JdbcAccountDao - Getting account object for id = 12345
16:26:31.009 [main] INFO  com.parasoft.parabank.dao.jdbc.JdbcAccountDao - Updated information for account with id = 12345
16:26:31.009 [main] INFO  com.parasoft.parabank.domain.logic.impl.BankManagerImpl - Debited account with id = 12345 in the amount of 100.00
16:26:31.010 [main] INFO  com.parasoft.parabank.dao.jdbc.JdbcTransactionDao - Created new transaction with id = 14476
16:26:31.010 [main] INFO  com.parasoft.parabank.domain.logic.impl.BankManagerImpl - Created debit transaction with id = 14476 with description: Down Payment for Loan # 13566
16:26:31.011 [main] INFO  org.eclipse.jetty.server.AbstractConnector - Stopped NetworkTrafficServerConnector@7f8ac54f{HTTP/1.1, (http/1.1, h2c)}{0.0.0.0:19089}
16:26:31.012 [main] INFO  org.eclipse.jetty.server.handler.ContextHandler - Stopped o.e.j.s.ServletContextHandler@565e7091{/,null,STOPPED}
16:26:31.012 [main] INFO  org.eclipse.jetty.server.handler.ContextHandler - Stopped o.e.j.s.ServletContextHandler@7060b10e{/__admin,null,STOPPED}
]]></system-out>
  </testcase>
  <testcase name="testHandleGetRequest" classname="com.parasoft.parabank.web.controller.RequestLoanControllerTest" time="0.144">
    <system-out><![CDATA[16:26:31.016 [main] INFO  org.eclipse.jetty.server.Server - jetty-9.4.49.v20220914; built: 2022-09-14T01:07:36.601Z; git: 4231a3b2e4cb8548a412a789936d640a97b1aa0a; jvm 11.0.10+8-LTS-162
16:26:31.017 [main] INFO  org.eclipse.jetty.server.handler.ContextHandler - Started o.e.j.s.ServletContextHandler@9fd2090{/__admin,null,AVAILABLE}
16:26:31.017 [main] INFO  org.eclipse.jetty.server.handler.ContextHandler.ROOT - RequestHandlerClass from context returned com.github.tomakehurst.wiremock.http.StubRequestHandler. Normalized mapped under returned 'null'
16:26:31.017 [main] INFO  org.eclipse.jetty.server.handler.ContextHandler - Started o.e.j.s.ServletContextHandler@5ccf13a9{/,null,AVAILABLE}
16:26:31.018 [main] INFO  org.eclipse.jetty.server.AbstractConnector - Started NetworkTrafficServerConnector@114a18d6{HTTP/1.1, (http/1.1, h2c)}{0.0.0.0:19089}
16:26:31.018 [main] INFO  org.eclipse.jetty.server.Server - Started @29870ms
16:26:31.139 [qtp104247704-1128] INFO  org.eclipse.jetty.server.handler.ContextHandler.__admin - RequestHandlerClass from context returned com.github.tomakehurst.wiremock.http.AdminRequestHandler. Normalized mapped under returned 'null'
16:26:31.140 [main] INFO  com.parasoft.parabank.test.util.AbstractParaBankDataSourceTest - loaded requestLoan mock for wsdl
16:26:31.144 [main] INFO  com.parasoft.parabank.test.util.AbstractParaBankDataSourceTest - loaded requestLoan mock for 10.00
16:26:31.147 [main] INFO  com.parasoft.parabank.test.util.AbstractParaBankDataSourceTest - loaded requestLoan mock for 100.00
16:26:31.151 [main] INFO  com.parasoft.parabank.test.util.AbstractParaBankDataSourceTest - loaded requestLoan mock for 1000.00
16:26:31.154 [main] INFO  com.parasoft.parabank.test.util.AbstractParaBankDataSourceTest - loaded requestLoan mock for 10000.00
16:26:31.156 [main] INFO  com.parasoft.parabank.dao.jdbc.JdbcAccountDao - Retrieved 11 accounts for customerId = 12212
16:26:31.159 [main] INFO  org.eclipse.jetty.server.AbstractConnector - Stopped NetworkTrafficServerConnector@114a18d6{HTTP/1.1, (http/1.1, h2c)}{0.0.0.0:19089}
16:26:31.159 [main] INFO  org.eclipse.jetty.server.handler.ContextHandler - Stopped o.e.j.s.ServletContextHandler@5ccf13a9{/,null,STOPPED}
16:26:31.159 [main] INFO  org.eclipse.jetty.server.handler.ContextHandler - Stopped o.e.j.s.ServletContextHandler@9fd2090{/__admin,null,STOPPED}
]]></system-out>
  </testcase>
  <testcase name="testValidate" classname="com.parasoft.parabank.web.controller.RequestLoanControllerTest" time="0.131">
    <system-out><![CDATA[16:26:31.164 [main] INFO  org.eclipse.jetty.server.Server - jetty-9.4.49.v20220914; built: 2022-09-14T01:07:36.601Z; git: 4231a3b2e4cb8548a412a789936d640a97b1aa0a; jvm 11.0.10+8-LTS-162
16:26:31.165 [main] INFO  org.eclipse.jetty.server.handler.ContextHandler - Started o.e.j.s.ServletContextHandler@6bd02ccb{/__admin,null,AVAILABLE}
16:26:31.165 [main] INFO  org.eclipse.jetty.server.handler.ContextHandler.ROOT - RequestHandlerClass from context returned com.github.tomakehurst.wiremock.http.StubRequestHandler. Normalized mapped under returned 'null'
16:26:31.165 [main] INFO  org.eclipse.jetty.server.handler.ContextHandler - Started o.e.j.s.ServletContextHandler@29b8a9a9{/,null,AVAILABLE}
16:26:31.166 [main] INFO  org.eclipse.jetty.server.AbstractConnector - Started NetworkTrafficServerConnector@5adf6039{HTTP/1.1, (http/1.1, h2c)}{0.0.0.0:19089}
16:26:31.166 [main] INFO  org.eclipse.jetty.server.Server - Started @30018ms
16:26:31.280 [qtp1723100893-1138] INFO  org.eclipse.jetty.server.handler.ContextHandler.__admin - RequestHandlerClass from context returned com.github.tomakehurst.wiremock.http.AdminRequestHandler. Normalized mapped under returned 'null'
16:26:31.281 [main] INFO  com.parasoft.parabank.test.util.AbstractParaBankDataSourceTest - loaded requestLoan mock for wsdl
16:26:31.283 [main] INFO  com.parasoft.parabank.test.util.AbstractParaBankDataSourceTest - loaded requestLoan mock for 10.00
16:26:31.285 [main] INFO  com.parasoft.parabank.test.util.AbstractParaBankDataSourceTest - loaded requestLoan mock for 100.00
16:26:31.287 [main] INFO  com.parasoft.parabank.test.util.AbstractParaBankDataSourceTest - loaded requestLoan mock for 1000.00
16:26:31.289 [main] INFO  com.parasoft.parabank.test.util.AbstractParaBankDataSourceTest - loaded requestLoan mock for 10000.00
16:26:31.290 [main] INFO  com.parasoft.parabank.dao.jdbc.JdbcAccountDao - Retrieved 11 accounts for customerId = 12212
16:26:31.291 [main] INFO  com.parasoft.parabank.dao.jdbc.JdbcAccountDao - Retrieved 11 accounts for customerId = 12212
16:26:31.293 [main] INFO  org.eclipse.jetty.server.AbstractConnector - Stopped NetworkTrafficServerConnector@5adf6039{HTTP/1.1, (http/1.1, h2c)}{0.0.0.0:19089}
16:26:31.294 [main] INFO  org.eclipse.jetty.server.handler.ContextHandler - Stopped o.e.j.s.ServletContextHandler@29b8a9a9{/,null,STOPPED}
16:26:31.294 [main] INFO  org.eclipse.jetty.server.handler.ContextHandler - Stopped o.e.j.s.ServletContextHandler@6bd02ccb{/__admin,null,STOPPED}
]]></system-out>
  </testcase>
</testsuite>