<?xml version="1.0" encoding="UTF-8"?>
<testsuite xmlns:xsi="http://www.w3.org/2001/XMLSchema-instance" xsi:noNamespaceSchemaLocation="https://maven.apache.org/surefire/maven-surefire-plugin/xsd/surefire-test-report-3.0.xsd" version="3.0" name="com.parasoft.parabank.service.ParaBankServiceImplTest" time="2.017" tests="14" errors="0" skipped="0" failures="0">
  <properties>
[...]
</properties>
  <testcase name="testGetPosition" classname="com.parasoft.parabank.service.ParaBankServiceImplTest" time="0.128">
    <system-out><![CDATA[16:26:23.446 [main] INFO  org.eclipse.jetty.server.Server - jetty-9.4.49.v20220914; built: 2022-09-14T01:07:36.601Z; git: 4231a3b2e4cb8548a412a789936d640a97b1aa0a; jvm 11.0.10+8-LTS-162
16:26:23.447 [main] INFO  org.eclipse.jetty.server.handler.ContextHandler - Started o.e.j.s.ServletContextHandler@4d923ffc{/__admin,null,AVAILABLE}
16:26:23.447 [main] INFO  org.eclipse.jetty.server.handler.ContextHandler.ROOT - RequestHandlerClass from context returned com.github.tomakehurst.wiremock.http.StubRequestHandler. Normalized mapped under returned 'null'
16:26:23.447 [main] INFO  org.eclipse.jetty.server.handler.ContextHandler - Started o.e.j.s.ServletContextHandler@4ed70448{/,null,AVAILABLE}
16:26:23.449 [main] INFO  org.eclipse.jetty.server.AbstractConnector - Started NetworkTrafficServerConnector@4e71c196{HTTP/1.1, (http/1.1, h2c)}{0.0.0.0:19089}
16:26:23.449 [main] INFO  org.eclipse.jetty.server.Server - Started @22301ms
16:26:23.559 [qtp1582700274-671] INFO  org.eclipse.jetty.server.handler.ContextHandler.__admin - RequestHandlerClass from context returned com.github.tomakehurst.wiremock.http.AdminRequestHandler. Normalized mapped under returned 'null'
16:26:23.561 [main] INFO  com.parasoft.parabank.test.util.AbstractParaBankDataSourceTest - loaded requestLoan mock for wsdl
16:26:23.565 [main] INFO  com.parasoft.parabank.test.util.AbstractParaBankDataSourceTest - loaded requestLoan mock for 10.00
16:26:23.569 [main] INFO  com.parasoft.parabank.test.util.AbstractParaBankDataSourceTest - loaded requestLoan mock for 100.00
16:26:23.572 [main] INFO  com.parasoft.parabank.test.util.AbstractParaBankDataSourceTest - loaded requestLoan mock for 1000.00
16:26:23.575 [main] INFO  com.parasoft.parabank.test.util.AbstractParaBankDataSourceTest - loaded requestLoan mock for 10000.00
16:26:23.580 [main] INFO  com.parasoft.parabank.dao.jdbc.JdbcPositionDao - Getting position object for position id = 12345
16:26:23.581 [main] INFO  com.parasoft.parabank.dao.jdbc.JdbcPositionDao - Getting position object for position id = -1
16:26:23.581 [main] ERROR com.parasoft.parabank.service.ParaBankServiceImpl - DataAccessException caught :
org.springframework.dao.EmptyResultDataAccessException: Incorrect result size: expected 1, actual 0
	at org.springframework.dao.support.DataAccessUtils.nullableSingleResult(DataAccessUtils.java:97) ~[spring-tx-5.3.24.jar:5.3.24]
	at org.springframework.jdbc.core.JdbcTemplate.queryForObject(JdbcTemplate.java:887) ~[spring-jdbc-5.3.24.jar:5.3.24]
	at com.parasoft.parabank.dao.jdbc.JdbcPositionDao.getPosition(JdbcPositionDao.java:104) ~[classes/:?]
	at com.parasoft.parabank.domain.logic.impl.BankManagerImpl.getPosition(BankManagerImpl.java:217) ~[classes/:?]
	at jdk.internal.reflect.NativeMethodAccessorImpl.invoke0(Native Method) ~[?:?]
	at jdk.internal.reflect.NativeMethodAccessorImpl.invoke(NativeMethodAccessorImpl.java:62) ~[?:?]
	at jdk.internal.reflect.DelegatingMethodAccessorImpl.invoke(DelegatingMethodAccessorImpl.java:43) ~[?:?]
	at java.lang.reflect.Method.invoke(Method.java:566) ~[?:?]
	at org.springframework.aop.support.AopUtils.invokeJoinpointUsingReflection(AopUtils.java:344) ~[spring-aop-5.3.24.jar:5.3.24]
	at org.springframework.aop.framework.ReflectiveMethodInvocation.invokeJoinpoint(ReflectiveMethodInvocation.java:198) ~[spring-aop-5.3.24.jar:5.3.24]
	at org.springframework.aop.framework.ReflectiveMethodInvocation.proceed(ReflectiveMethodInvocation.java:163) ~[spring-aop-5.3.24.jar:5.3.24]
	at org.springframework.transaction.interceptor.TransactionInterceptor$1.proceedWithInvocation(TransactionInterceptor.java:123) ~[spring-tx-5.3.24.jar:5.3.24]
	at org.springframework.transaction.interceptor.TransactionAspectSupport.invokeWithinTransaction(TransactionAspectSupport.java:388) ~[spring-tx-5.3.24.jar:5.3.24]
	at org.springframework.transaction.interceptor.TransactionInterceptor.invoke(TransactionInterceptor.java:119) ~[spring-tx-5.3.24.jar:5.3.24]
	at org.springframework.aop.framework.ReflectiveMethodInvocation.proceed(ReflectiveMethodInvocation.java:186) ~[spring-aop-5.3.24.jar:5.3.24]
	at org.springframework.aop.interceptor.ExposeInvocationInterceptor.invoke(ExposeInvocationInterceptor.java:97) ~[spring-aop-5.3.24.jar:5.3.24]
	at org.springframework.aop.framework.ReflectiveMethodInvocation.proceed(ReflectiveMethodInvocation.java:186) ~[spring-aop-5.3.24.jar:5.3.24]
	at org.springframework.aop.framework.JdkDynamicAopProxy.invoke(JdkDynamicAopProxy.java:215) ~[spring-aop-5.3.24.jar:5.3.24]
	at com.sun.proxy.$Proxy90.getPosition(Unknown Source) ~[?:?]
	at com.parasoft.parabank.service.ParaBankServiceImpl.getPosition(ParaBankServiceImpl.java:184) ~[classes/:?]
	at com.parasoft.parabank.service.ParaBankServiceImplTest.testGetPosition(ParaBankServiceImplTest.java:214) ~[test-classes/:?]
	at jdk.internal.reflect.NativeMethodAccessorImpl.invoke0(Native Method) ~[?:?]
	at jdk.internal.reflect.NativeMethodAccessorImpl.invoke(NativeMethodAccessorImpl.java:62) ~[?:?]
	at jdk.internal.reflect.DelegatingMethodAccessorImpl.invoke(DelegatingMethodAccessorImpl.java:43) ~[?:?]
	at java.lang.reflect.Method.invoke(Method.java:566) ~[?:?]
	at org.junit.runners.model.FrameworkMethod$1.runReflectiveCall(FrameworkMethod.java:59) ~[junit-4.13.2.jar:4.13.2]
	at org.junit.internal.runners.model.ReflectiveCallable.run(ReflectiveCallable.java:12) ~[junit-4.13.2.jar:4.13.2]
	at org.junit.runners.model.FrameworkMethod.invokeExplosively(FrameworkMethod.java:56) ~[junit-4.13.2.jar:4.13.2]
	at org.junit.internal.runners.statements.InvokeMethod.evaluate(InvokeMethod.java:17) ~[junit-4.13.2.jar:4.13.2]
	at org.springframework.test.context.junit4.statements.RunBeforeTestExecutionCallbacks.evaluate(RunBeforeTestExecutionCallbacks.java:74) ~[spring-test-5.3.24.jar:5.3.24]
	at org.springframework.test.context.junit4.statements.RunAfterTestExecutionCallbacks.evaluate(RunAfterTestExecutionCallbacks.java:84) ~[spring-test-5.3.24.jar:5.3.24]
	at org.junit.internal.runners.statements.RunBefores.evaluate(RunBefores.java:26) ~[junit-4.13.2.jar:4.13.2]
	at org.springframework.test.context.junit4.statements.RunBeforeTestMethodCallbacks.evaluate(RunBeforeTestMethodCallbacks.java:75) ~[spring-test-5.3.24.jar:5.3.24]
	at org.junit.internal.runners.statements.RunAfters.evaluate(RunAfters.java:27) ~[junit-4.13.2.jar:4.13.2]
	at org.springframework.test.context.junit4.statements.RunAfterTestMethodCallbacks.evaluate(RunAfterTestMethodCallbacks.java:86) ~[spring-test-5.3.24.jar:5.3.24]
	at com.github.tomakehurst.wiremock.junit.WireMockRule$1.evaluate(WireMockRule.java:67) ~[wiremock-jre8-2.35.0.jar:?]
	at org.springframework.test.context.junit4.statements.SpringRepeat.evaluate(SpringRepeat.java:84) ~[spring-test-5.3.24.jar:5.3.24]
	at org.junit.runners.ParentRunner.runLeaf(ParentRunner.java:366) ~[junit-4.13.2.jar:4.13.2]
	at org.springframework.test.context.junit4.SpringJUnit4ClassRunner.runChild(SpringJUnit4ClassRunner.java:251) ~[spring-test-5.3.24.jar:5.3.24]
	at org.springframework.test.context.junit4.SpringJUnit4ClassRunner.runChild(SpringJUnit4ClassRunner.java:97) ~[spring-test-5.3.24.jar:5.3.24]
	at org.junit.runners.ParentRunner$4.run(ParentRunner.java:331) ~[junit-4.13.2.jar:4.13.2]
	at org.junit.runners.ParentRunner$1.schedule(ParentRunner.java:79) ~[junit-4.13.2.jar:4.13.2]
	at org.junit.runners.ParentRunner.runChildren(ParentRunner.java:329) ~[junit-4.13.2.jar:4.13.2]
	at org.junit.runners.ParentRunner.access$100(ParentRunner.java:66) ~[junit-4.13.2.jar:4.13.2]
	at org.junit.runners.ParentRunner$2.evaluate(ParentRunner.java:293) ~[junit-4.13.2.jar:4.13.2]
	at org.junit.internal.runners.statements.RunBefores.evaluate(RunBefores.java:26) ~[junit-4.13.2.jar:4.13.2]
	at org.springframework.test.context.junit4.statements.RunBeforeTestClassCallbacks.evaluate(RunBeforeTestClassCallbacks.java:61) ~[spring-test-5.3.24.jar:5.3.24]
	at org.junit.internal.runners.statements.RunAfters.evaluate(RunAfters.java:27) ~[junit-4.13.2.jar:4.13.2]
	at org.springframework.test.context.junit4.statements.RunAfterTestClassCallbacks.evaluate(RunAfterTestClassCallbacks.java:70) ~[spring-test-5.3.24.jar:5.3.24]
	at org.junit.runners.ParentRunner$3.evaluate(ParentRunner.java:306) ~[junit-4.13.2.jar:4.13.2]
	at org.junit.runners.ParentRunner.run(ParentRunner.java:413) ~[junit-4.13.2.jar:4.13.2]
	at org.springframework.test.context.junit4.SpringJUnit4ClassRunner.run(SpringJUnit4ClassRunner.java:190) ~[spring-test-5.3.24.jar:5.3.24]
	at org.apache.maven.surefire.junit4.JUnit4Provider.execute(JUnit4Provider.java:377) ~[surefire-junit4-3.0.0-M7.jar:3.0.0-M7]
	at org.apache.maven.surefire.junit4.JUnit4Provider.executeWithRerun(JUnit4Provider.java:284) ~[surefire-junit4-3.0.0-M7.jar:3.0.0-M7]
	at org.apache.maven.surefire.junit4.JUnit4Provider.executeTestSet(JUnit4Provider.java:248) ~[surefire-junit4-3.0.0-M7.jar:3.0.0-M7]
	at org.apache.maven.surefire.junit4.JUnit4Provider.invoke(JUnit4Provider.java:167) ~[surefire-junit4-3.0.0-M7.jar:3.0.0-M7]
	at org.apache.maven.surefire.booter.ForkedBooter.runSuitesInProcess(ForkedBooter.java:456) ~[surefire-booter-3.0.0-M7.jar:3.0.0-M7]
	at org.apache.maven.surefire.booter.ForkedBooter.execute(ForkedBooter.java:169) ~[surefire-booter-3.0.0-M7.jar:3.0.0-M7]
	at org.apache.maven.surefire.booter.ForkedBooter.run(ForkedBooter.java:595) ~[surefire-booter-3.0.0-M7.jar:3.0.0-M7]
	at org.apache.maven.surefire.booter.ForkedBooter.main(ForkedBooter.java:581) ~[surefire-booter-3.0.0-M7.jar:3.0.0-M7]
16:26:23.584 [main] INFO  org.eclipse.jetty.server.AbstractConnector - Stopped NetworkTrafficServerConnector@4e71c196{HTTP/1.1, (http/1.1, h2c)}{0.0.0.0:19089}
16:26:23.584 [main] INFO  org.eclipse.jetty.server.handler.ContextHandler - Stopped o.e.j.s.ServletContextHandler@4ed70448{/,null,STOPPED}
16:26:23.584 [main] INFO  org.eclipse.jetty.server.handler.ContextHandler - Stopped o.e.j.s.ServletContextHandler@4d923ffc{/__admin,null,STOPPED}
]]></system-out>
  </testcase>
  <testcase name="testGetPositions" classname="com.parasoft.parabank.service.ParaBankServiceImplTest" time="0.129">
    <system-out><![CDATA[16:26:23.589 [main] INFO  org.eclipse.jetty.server.Server - jetty-9.4.49.v20220914; built: 2022-09-14T01:07:36.601Z; git: 4231a3b2e4cb8548a412a789936d640a97b1aa0a; jvm 11.0.10+8-LTS-162
16:26:23.590 [main] INFO  org.eclipse.jetty.server.handler.ContextHandler - Started o.e.j.s.ServletContextHandler@1fe2da60{/__admin,null,AVAILABLE}
16:26:23.590 [main] INFO  org.eclipse.jetty.server.handler.ContextHandler.ROOT - RequestHandlerClass from context returned com.github.tomakehurst.wiremock.http.StubRequestHandler. Normalized mapped under returned 'null'
16:26:23.590 [main] INFO  org.eclipse.jetty.server.handler.ContextHandler - Started o.e.j.s.ServletContextHandler@6e1ece3d{/,null,AVAILABLE}
16:26:23.592 [main] INFO  org.eclipse.jetty.server.AbstractConnector - Started NetworkTrafficServerConnector@1e0630cc{HTTP/1.1, (http/1.1, h2c)}{0.0.0.0:19089}
16:26:23.592 [main] INFO  org.eclipse.jetty.server.Server - Started @22443ms
16:26:23.698 [qtp180123422-681] INFO  org.eclipse.jetty.server.handler.ContextHandler.__admin - RequestHandlerClass from context returned com.github.tomakehurst.wiremock.http.AdminRequestHandler. Normalized mapped under returned 'null'
16:26:23.700 [main] INFO  com.parasoft.parabank.test.util.AbstractParaBankDataSourceTest - loaded requestLoan mock for wsdl
16:26:23.704 [main] INFO  com.parasoft.parabank.test.util.AbstractParaBankDataSourceTest - loaded requestLoan mock for 10.00
16:26:23.707 [main] INFO  com.parasoft.parabank.test.util.AbstractParaBankDataSourceTest - loaded requestLoan mock for 100.00
16:26:23.709 [main] INFO  com.parasoft.parabank.test.util.AbstractParaBankDataSourceTest - loaded requestLoan mock for 1000.00
16:26:23.712 [main] INFO  com.parasoft.parabank.test.util.AbstractParaBankDataSourceTest - loaded requestLoan mock for 10000.00
16:26:23.713 [main] INFO  com.parasoft.parabank.dao.jdbc.JdbcCustomerDao - Getting customer object for id = 12212
16:26:23.714 [main] INFO  com.parasoft.parabank.dao.jdbc.JdbcPositionDao - Retrieved 3 positions for customer id = 12212
16:26:23.715 [main] INFO  com.parasoft.parabank.dao.jdbc.JdbcCustomerDao - Getting customer object for id = -1
16:26:23.715 [main] ERROR com.parasoft.parabank.service.ParaBankServiceImpl - DataAccessException caught :
org.springframework.dao.EmptyResultDataAccessException: Incorrect result size: expected 1, actual 0
	at org.springframework.dao.support.DataAccessUtils.nullableSingleResult(DataAccessUtils.java:97) ~[spring-tx-5.3.24.jar:5.3.24]
	at org.springframework.jdbc.core.JdbcTemplate.queryForObject(JdbcTemplate.java:887) ~[spring-jdbc-5.3.24.jar:5.3.24]
	at com.parasoft.parabank.dao.jdbc.JdbcCustomerDao.getCustomer(JdbcCustomerDao.java:81) ~[classes/:?]
	at com.parasoft.parabank.domain.logic.impl.BankManagerImpl.getCustomer(BankManagerImpl.java:185) ~[classes/:?]
	at jdk.internal.reflect.NativeMethodAccessorImpl.invoke0(Native Method) ~[?:?]
	at jdk.internal.reflect.NativeMethodAccessorImpl.invoke(NativeMethodAccessorImpl.java:62) ~[?:?]
	at jdk.internal.reflect.DelegatingMethodAccessorImpl.invoke(DelegatingMethodAccessorImpl.java:43) ~[?:?]
	at java.lang.reflect.Method.invoke(Method.java:566) ~[?:?]
	at org.springframework.aop.support.AopUtils.invokeJoinpointUsingReflection(AopUtils.java:344) ~[spring-aop-5.3.24.jar:5.3.24]
	at org.springframework.aop.framework.ReflectiveMethodInvocation.invokeJoinpoint(ReflectiveMethodInvocation.java:198) ~[spring-aop-5.3.24.jar:5.3.24]
	at org.springframework.aop.framework.ReflectiveMethodInvocation.proceed(ReflectiveMethodInvocation.java:163) ~[spring-aop-5.3.24.jar:5.3.24]
	at org.springframework.transaction.interceptor.TransactionInterceptor$1.proceedWithInvocation(TransactionInterceptor.java:123) ~[spring-tx-5.3.24.jar:5.3.24]
	at org.springframework.transaction.interceptor.TransactionAspectSupport.invokeWithinTransaction(TransactionAspectSupport.java:388) ~[spring-tx-5.3.24.jar:5.3.24]
	at org.springframework.transaction.interceptor.TransactionInterceptor.invoke(TransactionInterceptor.java:119) ~[spring-tx-5.3.24.jar:5.3.24]
	at org.springframework.aop.framework.ReflectiveMethodInvocation.proceed(ReflectiveMethodInvocation.java:186) ~[spring-aop-5.3.24.jar:5.3.24]
	at org.springframework.aop.interceptor.ExposeInvocationInterceptor.invoke(ExposeInvocationInterceptor.java:97) ~[spring-aop-5.3.24.jar:5.3.24]
	at org.springframework.aop.framework.ReflectiveMethodInvocation.proceed(ReflectiveMethodInvocation.java:186) ~[spring-aop-5.3.24.jar:5.3.24]
	at org.springframework.aop.framework.JdkDynamicAopProxy.invoke(JdkDynamicAopProxy.java:215) ~[spring-aop-5.3.24.jar:5.3.24]
	at com.sun.proxy.$Proxy90.getCustomer(Unknown Source) ~[?:?]
	at com.parasoft.parabank.service.ParaBankServiceImpl.getPositions(ParaBankServiceImpl.java:216) ~[classes/:?]
	at com.parasoft.parabank.service.ParaBankServiceImplTest.testGetPositions(ParaBankServiceImplTest.java:242) ~[test-classes/:?]
	at jdk.internal.reflect.NativeMethodAccessorImpl.invoke0(Native Method) ~[?:?]
	at jdk.internal.reflect.NativeMethodAccessorImpl.invoke(NativeMethodAccessorImpl.java:62) ~[?:?]
	at jdk.internal.reflect.DelegatingMethodAccessorImpl.invoke(DelegatingMethodAccessorImpl.java:43) ~[?:?]
	at java.lang.reflect.Method.invoke(Method.java:566) ~[?:?]
	at org.junit.runners.model.FrameworkMethod$1.runReflectiveCall(FrameworkMethod.java:59) ~[junit-4.13.2.jar:4.13.2]
	at org.junit.internal.runners.model.ReflectiveCallable.run(ReflectiveCallable.java:12) ~[junit-4.13.2.jar:4.13.2]
	at org.junit.runners.model.FrameworkMethod.invokeExplosively(FrameworkMethod.java:56) ~[junit-4.13.2.jar:4.13.2]
	at org.junit.internal.runners.statements.InvokeMethod.evaluate(InvokeMethod.java:17) ~[junit-4.13.2.jar:4.13.2]
	at org.springframework.test.context.junit4.statements.RunBeforeTestExecutionCallbacks.evaluate(RunBeforeTestExecutionCallbacks.java:74) ~[spring-test-5.3.24.jar:5.3.24]
	at org.springframework.test.context.junit4.statements.RunAfterTestExecutionCallbacks.evaluate(RunAfterTestExecutionCallbacks.java:84) ~[spring-test-5.3.24.jar:5.3.24]
	at org.junit.internal.runners.statements.RunBefores.evaluate(RunBefores.java:26) ~[junit-4.13.2.jar:4.13.2]
	at org.springframework.test.context.junit4.statements.RunBeforeTestMethodCallbacks.evaluate(RunBeforeTestMethodCallbacks.java:75) ~[spring-test-5.3.24.jar:5.3.24]
	at org.junit.internal.runners.statements.RunAfters.evaluate(RunAfters.java:27) ~[junit-4.13.2.jar:4.13.2]
	at org.springframework.test.context.junit4.statements.RunAfterTestMethodCallbacks.evaluate(RunAfterTestMethodCallbacks.java:86) ~[spring-test-5.3.24.jar:5.3.24]
	at com.github.tomakehurst.wiremock.junit.WireMockRule$1.evaluate(WireMockRule.java:67) ~[wiremock-jre8-2.35.0.jar:?]
	at org.springframework.test.context.junit4.statements.SpringRepeat.evaluate(SpringRepeat.java:84) ~[spring-test-5.3.24.jar:5.3.24]
	at org.junit.runners.ParentRunner.runLeaf(ParentRunner.java:366) ~[junit-4.13.2.jar:4.13.2]
	at org.springframework.test.context.junit4.SpringJUnit4ClassRunner.runChild(SpringJUnit4ClassRunner.java:251) ~[spring-test-5.3.24.jar:5.3.24]
	at org.springframework.test.context.junit4.SpringJUnit4ClassRunner.runChild(SpringJUnit4ClassRunner.java:97) ~[spring-test-5.3.24.jar:5.3.24]
	at org.junit.runners.ParentRunner$4.run(ParentRunner.java:331) ~[junit-4.13.2.jar:4.13.2]
	at org.junit.runners.ParentRunner$1.schedule(ParentRunner.java:79) ~[junit-4.13.2.jar:4.13.2]
	at org.junit.runners.ParentRunner.runChildren(ParentRunner.java:329) ~[junit-4.13.2.jar:4.13.2]
	at org.junit.runners.ParentRunner.access$100(ParentRunner.java:66) ~[junit-4.13.2.jar:4.13.2]
	at org.junit.runners.ParentRunner$2.evaluate(ParentRunner.java:293) ~[junit-4.13.2.jar:4.13.2]
	at org.junit.internal.runners.statements.RunBefores.evaluate(RunBefores.java:26) ~[junit-4.13.2.jar:4.13.2]
	at org.springframework.test.context.junit4.statements.RunBeforeTestClassCallbacks.evaluate(RunBeforeTestClassCallbacks.java:61) ~[spring-test-5.3.24.jar:5.3.24]
	at org.junit.internal.runners.statements.RunAfters.evaluate(RunAfters.java:27) ~[junit-4.13.2.jar:4.13.2]
	at org.springframework.test.context.junit4.statements.RunAfterTestClassCallbacks.evaluate(RunAfterTestClassCallbacks.java:70) ~[spring-test-5.3.24.jar:5.3.24]
	at org.junit.runners.ParentRunner$3.evaluate(ParentRunner.java:306) ~[junit-4.13.2.jar:4.13.2]
	at org.junit.runners.ParentRunner.run(ParentRunner.java:413) ~[junit-4.13.2.jar:4.13.2]
	at org.springframework.test.context.junit4.SpringJUnit4ClassRunner.run(SpringJUnit4ClassRunner.java:190) ~[spring-test-5.3.24.jar:5.3.24]
	at org.apache.maven.surefire.junit4.JUnit4Provider.execute(JUnit4Provider.java:377) ~[surefire-junit4-3.0.0-M7.jar:3.0.0-M7]
	at org.apache.maven.surefire.junit4.JUnit4Provider.executeWithRerun(JUnit4Provider.java:284) ~[surefire-junit4-3.0.0-M7.jar:3.0.0-M7]
	at org.apache.maven.surefire.junit4.JUnit4Provider.executeTestSet(JUnit4Provider.java:248) ~[surefire-junit4-3.0.0-M7.jar:3.0.0-M7]
	at org.apache.maven.surefire.junit4.JUnit4Provider.invoke(JUnit4Provider.java:167) ~[surefire-junit4-3.0.0-M7.jar:3.0.0-M7]
	at org.apache.maven.surefire.booter.ForkedBooter.runSuitesInProcess(ForkedBooter.java:456) ~[surefire-booter-3.0.0-M7.jar:3.0.0-M7]
	at org.apache.maven.surefire.booter.ForkedBooter.execute(ForkedBooter.java:169) ~[surefire-booter-3.0.0-M7.jar:3.0.0-M7]
	at org.apache.maven.surefire.booter.ForkedBooter.run(ForkedBooter.java:595) ~[surefire-booter-3.0.0-M7.jar:3.0.0-M7]
	at org.apache.maven.surefire.booter.ForkedBooter.main(ForkedBooter.java:581) ~[surefire-booter-3.0.0-M7.jar:3.0.0-M7]
16:26:23.718 [main] INFO  org.eclipse.jetty.server.AbstractConnector - Stopped NetworkTrafficServerConnector@1e0630cc{HTTP/1.1, (http/1.1, h2c)}{0.0.0.0:19089}
16:26:23.718 [main] INFO  org.eclipse.jetty.server.handler.ContextHandler - Stopped o.e.j.s.ServletContextHandler@6e1ece3d{/,null,STOPPED}
16:26:23.718 [main] INFO  org.eclipse.jetty.server.handler.ContextHandler - Stopped o.e.j.s.ServletContextHandler@1fe2da60{/__admin,null,STOPPED}
]]></system-out>
  </testcase>
  <testcase name="testLogin" classname="com.parasoft.parabank.service.ParaBankServiceImplTest" time="0.132">
    <system-out><![CDATA[16:26:23.723 [main] INFO  org.eclipse.jetty.server.Server - jetty-9.4.49.v20220914; built: 2022-09-14T01:07:36.601Z; git: 4231a3b2e4cb8548a412a789936d640a97b1aa0a; jvm 11.0.10+8-LTS-162
16:26:23.723 [main] INFO  org.eclipse.jetty.server.handler.ContextHandler - Started o.e.j.s.ServletContextHandler@1d2035c2{/__admin,null,AVAILABLE}
16:26:23.723 [main] INFO  org.eclipse.jetty.server.handler.ContextHandler.ROOT - RequestHandlerClass from context returned com.github.tomakehurst.wiremock.http.StubRequestHandler. Normalized mapped under returned 'null'
16:26:23.723 [main] INFO  org.eclipse.jetty.server.handler.ContextHandler - Started o.e.j.s.ServletContextHandler@271e8be8{/,null,AVAILABLE}
16:26:23.725 [main] INFO  org.eclipse.jetty.server.AbstractConnector - Started NetworkTrafficServerConnector@5150ba5a{HTTP/1.1, (http/1.1, h2c)}{0.0.0.0:19089}
16:26:23.725 [main] INFO  org.eclipse.jetty.server.Server - Started @22577ms
16:26:23.836 [qtp752694840-690] INFO  org.eclipse.jetty.server.handler.ContextHandler.__admin - RequestHandlerClass from context returned com.github.tomakehurst.wiremock.http.AdminRequestHandler. Normalized mapped under returned 'null'
16:26:23.838 [main] INFO  com.parasoft.parabank.test.util.AbstractParaBankDataSourceTest - loaded requestLoan mock for wsdl
16:26:23.841 [main] INFO  com.parasoft.parabank.test.util.AbstractParaBankDataSourceTest - loaded requestLoan mock for 10.00
16:26:23.844 [main] INFO  com.parasoft.parabank.test.util.AbstractParaBankDataSourceTest - loaded requestLoan mock for 100.00
16:26:23.847 [main] INFO  com.parasoft.parabank.test.util.AbstractParaBankDataSourceTest - loaded requestLoan mock for 1000.00
16:26:23.850 [main] INFO  com.parasoft.parabank.test.util.AbstractParaBankDataSourceTest - loaded requestLoan mock for 10000.00
16:26:23.851 [main] INFO  com.parasoft.parabank.dao.jdbc.JdbcCustomerDao - Getting customer object for username = john and password = demo
16:26:23.852 [main] INFO  com.parasoft.parabank.dao.jdbc.JdbcCustomerDao - Getting customer object for username = null and password = null
16:26:23.852 [main] WARN  com.parasoft.parabank.dao.jdbc.JdbcCustomerDao - Invalid login attempt with username = null and password = null
16:26:23.854 [main] INFO  org.eclipse.jetty.server.AbstractConnector - Stopped NetworkTrafficServerConnector@5150ba5a{HTTP/1.1, (http/1.1, h2c)}{0.0.0.0:19089}
16:26:23.854 [main] INFO  org.eclipse.jetty.server.handler.ContextHandler - Stopped o.e.j.s.ServletContextHandler@271e8be8{/,null,STOPPED}
16:26:23.854 [main] INFO  org.eclipse.jetty.server.handler.ContextHandler - Stopped o.e.j.s.ServletContextHandler@1d2035c2{/__admin,null,STOPPED}
]]></system-out>
  </testcase>
  <testcase name="testGetTransactions" classname="com.parasoft.parabank.service.ParaBankServiceImplTest" time="0.133">
    <system-out><![CDATA[16:26:23.859 [main] INFO  org.eclipse.jetty.server.Server - jetty-9.4.49.v20220914; built: 2022-09-14T01:07:36.601Z; git: 4231a3b2e4cb8548a412a789936d640a97b1aa0a; jvm 11.0.10+8-LTS-162
16:26:23.860 [main] INFO  org.eclipse.jetty.server.handler.ContextHandler - Started o.e.j.s.ServletContextHandler@22d61fa7{/__admin,null,AVAILABLE}
16:26:23.860 [main] INFO  org.eclipse.jetty.server.handler.ContextHandler.ROOT - RequestHandlerClass from context returned com.github.tomakehurst.wiremock.http.StubRequestHandler. Normalized mapped under returned 'null'
16:26:23.860 [main] INFO  org.eclipse.jetty.server.handler.ContextHandler - Started o.e.j.s.ServletContextHandler@2989e190{/,null,AVAILABLE}
16:26:23.861 [main] INFO  org.eclipse.jetty.server.AbstractConnector - Started NetworkTrafficServerConnector@6a039d30{HTTP/1.1, (http/1.1, h2c)}{0.0.0.0:19089}
16:26:23.861 [main] INFO  org.eclipse.jetty.server.Server - Started @22713ms
16:26:23.975 [qtp1090625437-701] INFO  org.eclipse.jetty.server.handler.ContextHandler.__admin - RequestHandlerClass from context returned com.github.tomakehurst.wiremock.http.AdminRequestHandler. Normalized mapped under returned 'null'
16:26:23.976 [main] INFO  com.parasoft.parabank.test.util.AbstractParaBankDataSourceTest - loaded requestLoan mock for wsdl
16:26:23.979 [main] INFO  com.parasoft.parabank.test.util.AbstractParaBankDataSourceTest - loaded requestLoan mock for 10.00
16:26:23.981 [main] INFO  com.parasoft.parabank.test.util.AbstractParaBankDataSourceTest - loaded requestLoan mock for 100.00
16:26:23.984 [main] INFO  com.parasoft.parabank.test.util.AbstractParaBankDataSourceTest - loaded requestLoan mock for 1000.00
16:26:23.986 [main] INFO  com.parasoft.parabank.test.util.AbstractParaBankDataSourceTest - loaded requestLoan mock for 10000.00
16:26:23.987 [main] INFO  com.parasoft.parabank.dao.jdbc.JdbcAccountDao - Getting account object for id = 12345
16:26:23.989 [main] INFO  com.parasoft.parabank.dao.jdbc.JdbcTransactionDao - Retrieved 7 transactions for accountId = 12345
16:26:23.989 [main] INFO  com.parasoft.parabank.dao.jdbc.JdbcAccountDao - Getting account object for id = -1
16:26:23.989 [main] ERROR com.parasoft.parabank.service.ParaBankServiceImpl - DataAccessException caught :
org.springframework.dao.EmptyResultDataAccessException: Incorrect result size: expected 1, actual 0
	at org.springframework.dao.support.DataAccessUtils.nullableSingleResult(DataAccessUtils.java:97) ~[spring-tx-5.3.24.jar:5.3.24]
	at org.springframework.jdbc.core.JdbcTemplate.queryForObject(JdbcTemplate.java:887) ~[spring-jdbc-5.3.24.jar:5.3.24]
	at com.parasoft.parabank.dao.jdbc.JdbcAccountDao.getAccount(JdbcAccountDao.java:107) ~[classes/:?]
	at com.parasoft.parabank.domain.logic.impl.BankManagerImpl.getAccount(BankManagerImpl.java:165) ~[classes/:?]
	at jdk.internal.reflect.NativeMethodAccessorImpl.invoke0(Native Method) ~[?:?]
	at jdk.internal.reflect.NativeMethodAccessorImpl.invoke(NativeMethodAccessorImpl.java:62) ~[?:?]
	at jdk.internal.reflect.DelegatingMethodAccessorImpl.invoke(DelegatingMethodAccessorImpl.java:43) ~[?:?]
	at java.lang.reflect.Method.invoke(Method.java:566) ~[?:?]
	at org.springframework.aop.support.AopUtils.invokeJoinpointUsingReflection(AopUtils.java:344) ~[spring-aop-5.3.24.jar:5.3.24]
	at org.springframework.aop.framework.ReflectiveMethodInvocation.invokeJoinpoint(ReflectiveMethodInvocation.java:198) ~[spring-aop-5.3.24.jar:5.3.24]
	at org.springframework.aop.framework.ReflectiveMethodInvocation.proceed(ReflectiveMethodInvocation.java:163) ~[spring-aop-5.3.24.jar:5.3.24]
	at org.springframework.transaction.interceptor.TransactionInterceptor$1.proceedWithInvocation(TransactionInterceptor.java:123) ~[spring-tx-5.3.24.jar:5.3.24]
	at org.springframework.transaction.interceptor.TransactionAspectSupport.invokeWithinTransaction(TransactionAspectSupport.java:388) ~[spring-tx-5.3.24.jar:5.3.24]
	at org.springframework.transaction.interceptor.TransactionInterceptor.invoke(TransactionInterceptor.java:119) ~[spring-tx-5.3.24.jar:5.3.24]
	at org.springframework.aop.framework.ReflectiveMethodInvocation.proceed(ReflectiveMethodInvocation.java:186) ~[spring-aop-5.3.24.jar:5.3.24]
	at org.springframework.aop.interceptor.ExposeInvocationInterceptor.invoke(ExposeInvocationInterceptor.java:97) ~[spring-aop-5.3.24.jar:5.3.24]
	at org.springframework.aop.framework.ReflectiveMethodInvocation.proceed(ReflectiveMethodInvocation.java:186) ~[spring-aop-5.3.24.jar:5.3.24]
	at org.springframework.aop.framework.JdkDynamicAopProxy.invoke(JdkDynamicAopProxy.java:215) ~[spring-aop-5.3.24.jar:5.3.24]
	at com.sun.proxy.$Proxy90.getAccount(Unknown Source) ~[?:?]
	at com.parasoft.parabank.service.ParaBankServiceImpl.getTransactions(ParaBankServiceImpl.java:247) ~[classes/:?]
	at com.parasoft.parabank.service.ParaBankServiceImplTest.testGetTransactions(ParaBankServiceImplTest.java:267) ~[test-classes/:?]
	at jdk.internal.reflect.NativeMethodAccessorImpl.invoke0(Native Method) ~[?:?]
	at jdk.internal.reflect.NativeMethodAccessorImpl.invoke(NativeMethodAccessorImpl.java:62) ~[?:?]
	at jdk.internal.reflect.DelegatingMethodAccessorImpl.invoke(DelegatingMethodAccessorImpl.java:43) ~[?:?]
	at java.lang.reflect.Method.invoke(Method.java:566) ~[?:?]
	at org.junit.runners.model.FrameworkMethod$1.runReflectiveCall(FrameworkMethod.java:59) ~[junit-4.13.2.jar:4.13.2]
	at org.junit.internal.runners.model.ReflectiveCallable.run(ReflectiveCallable.java:12) ~[junit-4.13.2.jar:4.13.2]
	at org.junit.runners.model.FrameworkMethod.invokeExplosively(FrameworkMethod.java:56) ~[junit-4.13.2.jar:4.13.2]
	at org.junit.internal.runners.statements.InvokeMethod.evaluate(InvokeMethod.java:17) ~[junit-4.13.2.jar:4.13.2]
	at org.springframework.test.context.junit4.statements.RunBeforeTestExecutionCallbacks.evaluate(RunBeforeTestExecutionCallbacks.java:74) ~[spring-test-5.3.24.jar:5.3.24]
	at org.springframework.test.context.junit4.statements.RunAfterTestExecutionCallbacks.evaluate(RunAfterTestExecutionCallbacks.java:84) ~[spring-test-5.3.24.jar:5.3.24]
	at org.junit.internal.runners.statements.RunBefores.evaluate(RunBefores.java:26) ~[junit-4.13.2.jar:4.13.2]
	at org.springframework.test.context.junit4.statements.RunBeforeTestMethodCallbacks.evaluate(RunBeforeTestMethodCallbacks.java:75) ~[spring-test-5.3.24.jar:5.3.24]
	at org.junit.internal.runners.statements.RunAfters.evaluate(RunAfters.java:27) ~[junit-4.13.2.jar:4.13.2]
	at org.springframework.test.context.junit4.statements.RunAfterTestMethodCallbacks.evaluate(RunAfterTestMethodCallbacks.java:86) ~[spring-test-5.3.24.jar:5.3.24]
	at com.github.tomakehurst.wiremock.junit.WireMockRule$1.evaluate(WireMockRule.java:67) ~[wiremock-jre8-2.35.0.jar:?]
	at org.springframework.test.context.junit4.statements.SpringRepeat.evaluate(SpringRepeat.java:84) ~[spring-test-5.3.24.jar:5.3.24]
	at org.junit.runners.ParentRunner.runLeaf(ParentRunner.java:366) ~[junit-4.13.2.jar:4.13.2]
	at org.springframework.test.context.junit4.SpringJUnit4ClassRunner.runChild(SpringJUnit4ClassRunner.java:251) ~[spring-test-5.3.24.jar:5.3.24]
	at org.springframework.test.context.junit4.SpringJUnit4ClassRunner.runChild(SpringJUnit4ClassRunner.java:97) ~[spring-test-5.3.24.jar:5.3.24]
	at org.junit.runners.ParentRunner$4.run(ParentRunner.java:331) ~[junit-4.13.2.jar:4.13.2]
	at org.junit.runners.ParentRunner$1.schedule(ParentRunner.java:79) ~[junit-4.13.2.jar:4.13.2]
	at org.junit.runners.ParentRunner.runChildren(ParentRunner.java:329) ~[junit-4.13.2.jar:4.13.2]
	at org.junit.runners.ParentRunner.access$100(ParentRunner.java:66) ~[junit-4.13.2.jar:4.13.2]
	at org.junit.runners.ParentRunner$2.evaluate(ParentRunner.java:293) ~[junit-4.13.2.jar:4.13.2]
	at org.junit.internal.runners.statements.RunBefores.evaluate(RunBefores.java:26) ~[junit-4.13.2.jar:4.13.2]
	at org.springframework.test.context.junit4.statements.RunBeforeTestClassCallbacks.evaluate(RunBeforeTestClassCallbacks.java:61) ~[spring-test-5.3.24.jar:5.3.24]
	at org.junit.internal.runners.statements.RunAfters.evaluate(RunAfters.java:27) ~[junit-4.13.2.jar:4.13.2]
	at org.springframework.test.context.junit4.statements.RunAfterTestClassCallbacks.evaluate(RunAfterTestClassCallbacks.java:70) ~[spring-test-5.3.24.jar:5.3.24]
	at org.junit.runners.ParentRunner$3.evaluate(ParentRunner.java:306) ~[junit-4.13.2.jar:4.13.2]
	at org.junit.runners.ParentRunner.run(ParentRunner.java:413) ~[junit-4.13.2.jar:4.13.2]
	at org.springframework.test.context.junit4.SpringJUnit4ClassRunner.run(SpringJUnit4ClassRunner.java:190) ~[spring-test-5.3.24.jar:5.3.24]
	at org.apache.maven.surefire.junit4.JUnit4Provider.execute(JUnit4Provider.java:377) ~[surefire-junit4-3.0.0-M7.jar:3.0.0-M7]
	at org.apache.maven.surefire.junit4.JUnit4Provider.executeWithRerun(JUnit4Provider.java:284) ~[surefire-junit4-3.0.0-M7.jar:3.0.0-M7]
	at org.apache.maven.surefire.junit4.JUnit4Provider.executeTestSet(JUnit4Provider.java:248) ~[surefire-junit4-3.0.0-M7.jar:3.0.0-M7]
	at org.apache.maven.surefire.junit4.JUnit4Provider.invoke(JUnit4Provider.java:167) ~[surefire-junit4-3.0.0-M7.jar:3.0.0-M7]
	at org.apache.maven.surefire.booter.ForkedBooter.runSuitesInProcess(ForkedBooter.java:456) ~[surefire-booter-3.0.0-M7.jar:3.0.0-M7]
	at org.apache.maven.surefire.booter.ForkedBooter.execute(ForkedBooter.java:169) ~[surefire-booter-3.0.0-M7.jar:3.0.0-M7]
	at org.apache.maven.surefire.booter.ForkedBooter.run(ForkedBooter.java:595) ~[surefire-booter-3.0.0-M7.jar:3.0.0-M7]
	at org.apache.maven.surefire.booter.ForkedBooter.main(ForkedBooter.java:581) ~[surefire-booter-3.0.0-M7.jar:3.0.0-M7]
16:26:23.991 [main] INFO  org.eclipse.jetty.server.AbstractConnector - Stopped NetworkTrafficServerConnector@6a039d30{HTTP/1.1, (http/1.1, h2c)}{0.0.0.0:19089}
16:26:23.991 [main] INFO  org.eclipse.jetty.server.handler.ContextHandler - Stopped o.e.j.s.ServletContextHandler@2989e190{/,null,STOPPED}
16:26:23.991 [main] INFO  org.eclipse.jetty.server.handler.ContextHandler - Stopped o.e.j.s.ServletContextHandler@22d61fa7{/__admin,null,STOPPED}
]]></system-out>
  </testcase>
  <testcase name="testGetAccount" classname="com.parasoft.parabank.service.ParaBankServiceImplTest" time="0.139">
    <system-out><![CDATA[16:26:23.996 [main] INFO  org.eclipse.jetty.server.Server - jetty-9.4.49.v20220914; built: 2022-09-14T01:07:36.601Z; git: 4231a3b2e4cb8548a412a789936d640a97b1aa0a; jvm 11.0.10+8-LTS-162
16:26:23.997 [main] INFO  org.eclipse.jetty.server.handler.ContextHandler - Started o.e.j.s.ServletContextHandler@3f79660e{/__admin,null,AVAILABLE}
16:26:23.997 [main] INFO  org.eclipse.jetty.server.handler.ContextHandler.ROOT - RequestHandlerClass from context returned com.github.tomakehurst.wiremock.http.StubRequestHandler. Normalized mapped under returned 'null'
16:26:23.997 [main] INFO  org.eclipse.jetty.server.handler.ContextHandler - Started o.e.j.s.ServletContextHandler@23c9da95{/,null,AVAILABLE}
16:26:23.999 [main] INFO  org.eclipse.jetty.server.AbstractConnector - Started NetworkTrafficServerConnector@7a72fc23{HTTP/1.1, (http/1.1, h2c)}{0.0.0.0:19089}
16:26:23.999 [main] INFO  org.eclipse.jetty.server.Server - Started @22851ms
16:26:24.115 [qtp358361671-711] INFO  org.eclipse.jetty.server.handler.ContextHandler.__admin - RequestHandlerClass from context returned com.github.tomakehurst.wiremock.http.AdminRequestHandler. Normalized mapped under returned 'null'
16:26:24.117 [main] INFO  com.parasoft.parabank.test.util.AbstractParaBankDataSourceTest - loaded requestLoan mock for wsdl
16:26:24.120 [main] INFO  com.parasoft.parabank.test.util.AbstractParaBankDataSourceTest - loaded requestLoan mock for 10.00
16:26:24.123 [main] INFO  com.parasoft.parabank.test.util.AbstractParaBankDataSourceTest - loaded requestLoan mock for 100.00
16:26:24.126 [main] INFO  com.parasoft.parabank.test.util.AbstractParaBankDataSourceTest - loaded requestLoan mock for 1000.00
16:26:24.129 [main] INFO  com.parasoft.parabank.test.util.AbstractParaBankDataSourceTest - loaded requestLoan mock for 10000.00
16:26:24.130 [main] INFO  com.parasoft.parabank.dao.jdbc.JdbcAccountDao - Getting account object for id = 12345
16:26:24.131 [main] INFO  com.parasoft.parabank.dao.jdbc.JdbcAccountDao - Getting account object for id = -1
16:26:24.132 [main] ERROR com.parasoft.parabank.service.ParaBankServiceImpl - DataAccessException caught :
org.springframework.dao.EmptyResultDataAccessException: Incorrect result size: expected 1, actual 0
	at org.springframework.dao.support.DataAccessUtils.nullableSingleResult(DataAccessUtils.java:97) ~[spring-tx-5.3.24.jar:5.3.24]
	at org.springframework.jdbc.core.JdbcTemplate.queryForObject(JdbcTemplate.java:887) ~[spring-jdbc-5.3.24.jar:5.3.24]
	at com.parasoft.parabank.dao.jdbc.JdbcAccountDao.getAccount(JdbcAccountDao.java:107) ~[classes/:?]
	at com.parasoft.parabank.domain.logic.impl.BankManagerImpl.getAccount(BankManagerImpl.java:165) ~[classes/:?]
	at jdk.internal.reflect.NativeMethodAccessorImpl.invoke0(Native Method) ~[?:?]
	at jdk.internal.reflect.NativeMethodAccessorImpl.invoke(NativeMethodAccessorImpl.java:62) ~[?:?]
	at jdk.internal.reflect.DelegatingMethodAccessorImpl.invoke(DelegatingMethodAccessorImpl.java:43) ~[?:?]
	at java.lang.reflect.Method.invoke(Method.java:566) ~[?:?]
	at org.springframework.aop.support.AopUtils.invokeJoinpointUsingReflection(AopUtils.java:344) ~[spring-aop-5.3.24.jar:5.3.24]
	at org.springframework.aop.framework.ReflectiveMethodInvocation.invokeJoinpoint(ReflectiveMethodInvocation.java:198) ~[spring-aop-5.3.24.jar:5.3.24]
	at org.springframework.aop.framework.ReflectiveMethodInvocation.proceed(ReflectiveMethodInvocation.java:163) ~[spring-aop-5.3.24.jar:5.3.24]
	at org.springframework.transaction.interceptor.TransactionInterceptor$1.proceedWithInvocation(TransactionInterceptor.java:123) ~[spring-tx-5.3.24.jar:5.3.24]
	at org.springframework.transaction.interceptor.TransactionAspectSupport.invokeWithinTransaction(TransactionAspectSupport.java:388) ~[spring-tx-5.3.24.jar:5.3.24]
	at org.springframework.transaction.interceptor.TransactionInterceptor.invoke(TransactionInterceptor.java:119) ~[spring-tx-5.3.24.jar:5.3.24]
	at org.springframework.aop.framework.ReflectiveMethodInvocation.proceed(ReflectiveMethodInvocation.java:186) ~[spring-aop-5.3.24.jar:5.3.24]
	at org.springframework.aop.interceptor.ExposeInvocationInterceptor.invoke(ExposeInvocationInterceptor.java:97) ~[spring-aop-5.3.24.jar:5.3.24]
	at org.springframework.aop.framework.ReflectiveMethodInvocation.proceed(ReflectiveMethodInvocation.java:186) ~[spring-aop-5.3.24.jar:5.3.24]
	at org.springframework.aop.framework.JdkDynamicAopProxy.invoke(JdkDynamicAopProxy.java:215) ~[spring-aop-5.3.24.jar:5.3.24]
	at com.sun.proxy.$Proxy90.getAccount(Unknown Source) ~[?:?]
	at com.parasoft.parabank.service.ParaBankServiceImpl.getAccount(ParaBankServiceImpl.java:124) ~[classes/:?]
	at com.parasoft.parabank.service.ParaBankServiceImplTest.testGetAccount(ParaBankServiceImplTest.java:176) ~[test-classes/:?]
	at jdk.internal.reflect.NativeMethodAccessorImpl.invoke0(Native Method) ~[?:?]
	at jdk.internal.reflect.NativeMethodAccessorImpl.invoke(NativeMethodAccessorImpl.java:62) ~[?:?]
	at jdk.internal.reflect.DelegatingMethodAccessorImpl.invoke(DelegatingMethodAccessorImpl.java:43) ~[?:?]
	at java.lang.reflect.Method.invoke(Method.java:566) ~[?:?]
	at org.junit.runners.model.FrameworkMethod$1.runReflectiveCall(FrameworkMethod.java:59) ~[junit-4.13.2.jar:4.13.2]
	at org.junit.internal.runners.model.ReflectiveCallable.run(ReflectiveCallable.java:12) ~[junit-4.13.2.jar:4.13.2]
	at org.junit.runners.model.FrameworkMethod.invokeExplosively(FrameworkMethod.java:56) ~[junit-4.13.2.jar:4.13.2]
	at org.junit.internal.runners.statements.InvokeMethod.evaluate(InvokeMethod.java:17) ~[junit-4.13.2.jar:4.13.2]
	at org.springframework.test.context.junit4.statements.RunBeforeTestExecutionCallbacks.evaluate(RunBeforeTestExecutionCallbacks.java:74) ~[spring-test-5.3.24.jar:5.3.24]
	at org.springframework.test.context.junit4.statements.RunAfterTestExecutionCallbacks.evaluate(RunAfterTestExecutionCallbacks.java:84) ~[spring-test-5.3.24.jar:5.3.24]
	at org.junit.internal.runners.statements.RunBefores.evaluate(RunBefores.java:26) ~[junit-4.13.2.jar:4.13.2]
	at org.springframework.test.context.junit4.statements.RunBeforeTestMethodCallbacks.evaluate(RunBeforeTestMethodCallbacks.java:75) ~[spring-test-5.3.24.jar:5.3.24]
	at org.junit.internal.runners.statements.RunAfters.evaluate(RunAfters.java:27) ~[junit-4.13.2.jar:4.13.2]
	at org.springframework.test.context.junit4.statements.RunAfterTestMethodCallbacks.evaluate(RunAfterTestMethodCallbacks.java:86) ~[spring-test-5.3.24.jar:5.3.24]
	at com.github.tomakehurst.wiremock.junit.WireMockRule$1.evaluate(WireMockRule.java:67) ~[wiremock-jre8-2.35.0.jar:?]
	at org.springframework.test.context.junit4.statements.SpringRepeat.evaluate(SpringRepeat.java:84) ~[spring-test-5.3.24.jar:5.3.24]
	at org.junit.runners.ParentRunner.runLeaf(ParentRunner.java:366) ~[junit-4.13.2.jar:4.13.2]
	at org.springframework.test.context.junit4.SpringJUnit4ClassRunner.runChild(SpringJUnit4ClassRunner.java:251) ~[spring-test-5.3.24.jar:5.3.24]
	at org.springframework.test.context.junit4.SpringJUnit4ClassRunner.runChild(SpringJUnit4ClassRunner.java:97) ~[spring-test-5.3.24.jar:5.3.24]
	at org.junit.runners.ParentRunner$4.run(ParentRunner.java:331) ~[junit-4.13.2.jar:4.13.2]
	at org.junit.runners.ParentRunner$1.schedule(ParentRunner.java:79) ~[junit-4.13.2.jar:4.13.2]
	at org.junit.runners.ParentRunner.runChildren(ParentRunner.java:329) ~[junit-4.13.2.jar:4.13.2]
	at org.junit.runners.ParentRunner.access$100(ParentRunner.java:66) ~[junit-4.13.2.jar:4.13.2]
	at org.junit.runners.ParentRunner$2.evaluate(ParentRunner.java:293) ~[junit-4.13.2.jar:4.13.2]
	at org.junit.internal.runners.statements.RunBefores.evaluate(RunBefores.java:26) ~[junit-4.13.2.jar:4.13.2]
	at org.springframework.test.context.junit4.statements.RunBeforeTestClassCallbacks.evaluate(RunBeforeTestClassCallbacks.java:61) ~[spring-test-5.3.24.jar:5.3.24]
	at org.junit.internal.runners.statements.RunAfters.evaluate(RunAfters.java:27) ~[junit-4.13.2.jar:4.13.2]
	at org.springframework.test.context.junit4.statements.RunAfterTestClassCallbacks.evaluate(RunAfterTestClassCallbacks.java:70) ~[spring-test-5.3.24.jar:5.3.24]
	at org.junit.runners.ParentRunner$3.evaluate(ParentRunner.java:306) ~[junit-4.13.2.jar:4.13.2]
	at org.junit.runners.ParentRunner.run(ParentRunner.java:413) ~[junit-4.13.2.jar:4.13.2]
	at org.springframework.test.context.junit4.SpringJUnit4ClassRunner.run(SpringJUnit4ClassRunner.java:190) ~[spring-test-5.3.24.jar:5.3.24]
	at org.apache.maven.surefire.junit4.JUnit4Provider.execute(JUnit4Provider.java:377) ~[surefire-junit4-3.0.0-M7.jar:3.0.0-M7]
	at org.apache.maven.surefire.junit4.JUnit4Provider.executeWithRerun(JUnit4Provider.java:284) ~[surefire-junit4-3.0.0-M7.jar:3.0.0-M7]
	at org.apache.maven.surefire.junit4.JUnit4Provider.executeTestSet(JUnit4Provider.java:248) ~[surefire-junit4-3.0.0-M7.jar:3.0.0-M7]
	at org.apache.maven.surefire.junit4.JUnit4Provider.invoke(JUnit4Provider.java:167) ~[surefire-junit4-3.0.0-M7.jar:3.0.0-M7]
	at org.apache.maven.surefire.booter.ForkedBooter.runSuitesInProcess(ForkedBooter.java:456) ~[surefire-booter-3.0.0-M7.jar:3.0.0-M7]
	at org.apache.maven.surefire.booter.ForkedBooter.execute(ForkedBooter.java:169) ~[surefire-booter-3.0.0-M7.jar:3.0.0-M7]
	at org.apache.maven.surefire.booter.ForkedBooter.run(ForkedBooter.java:595) ~[surefire-booter-3.0.0-M7.jar:3.0.0-M7]
	at org.apache.maven.surefire.booter.ForkedBooter.main(ForkedBooter.java:581) ~[surefire-booter-3.0.0-M7.jar:3.0.0-M7]
16:26:24.134 [main] INFO  org.eclipse.jetty.server.AbstractConnector - Stopped NetworkTrafficServerConnector@7a72fc23{HTTP/1.1, (http/1.1, h2c)}{0.0.0.0:19089}
16:26:24.134 [main] INFO  org.eclipse.jetty.server.handler.ContextHandler - Stopped o.e.j.s.ServletContextHandler@23c9da95{/,null,STOPPED}
16:26:24.134 [main] INFO  org.eclipse.jetty.server.handler.ContextHandler - Stopped o.e.j.s.ServletContextHandler@3f79660e{/__admin,null,STOPPED}
]]></system-out>
  </testcase>
  <testcase name="testGetAccounts" classname="com.parasoft.parabank.service.ParaBankServiceImplTest" time="0.137">
    <system-out><![CDATA[16:26:24.139 [main] INFO  org.eclipse.jetty.server.Server - jetty-9.4.49.v20220914; built: 2022-09-14T01:07:36.601Z; git: 4231a3b2e4cb8548a412a789936d640a97b1aa0a; jvm 11.0.10+8-LTS-162
16:26:24.140 [main] INFO  org.eclipse.jetty.server.handler.ContextHandler - Started o.e.j.s.ServletContextHandler@58f7544c{/__admin,null,AVAILABLE}
16:26:24.140 [main] INFO  org.eclipse.jetty.server.handler.ContextHandler.ROOT - RequestHandlerClass from context returned com.github.tomakehurst.wiremock.http.StubRequestHandler. Normalized mapped under returned 'null'
16:26:24.140 [main] INFO  org.eclipse.jetty.server.handler.ContextHandler - Started o.e.j.s.ServletContextHandler@21826d78{/,null,AVAILABLE}
16:26:24.141 [main] INFO  org.eclipse.jetty.server.AbstractConnector - Started NetworkTrafficServerConnector@4f3891db{HTTP/1.1, (http/1.1, h2c)}{0.0.0.0:19089}
16:26:24.141 [main] INFO  org.eclipse.jetty.server.Server - Started @22993ms
16:26:24.255 [qtp807254402-721] INFO  org.eclipse.jetty.server.handler.ContextHandler.__admin - RequestHandlerClass from context returned com.github.tomakehurst.wiremock.http.AdminRequestHandler. Normalized mapped under returned 'null'
16:26:24.257 [main] INFO  com.parasoft.parabank.test.util.AbstractParaBankDataSourceTest - loaded requestLoan mock for wsdl
16:26:24.260 [main] INFO  com.parasoft.parabank.test.util.AbstractParaBankDataSourceTest - loaded requestLoan mock for 10.00
16:26:24.263 [main] INFO  com.parasoft.parabank.test.util.AbstractParaBankDataSourceTest - loaded requestLoan mock for 100.00
16:26:24.266 [main] INFO  com.parasoft.parabank.test.util.AbstractParaBankDataSourceTest - loaded requestLoan mock for 1000.00
16:26:24.269 [main] INFO  com.parasoft.parabank.test.util.AbstractParaBankDataSourceTest - loaded requestLoan mock for 10000.00
16:26:24.270 [main] INFO  com.parasoft.parabank.dao.jdbc.JdbcCustomerDao - Getting customer object for id = 12212
16:26:24.271 [main] INFO  com.parasoft.parabank.dao.jdbc.JdbcAccountDao - Retrieved 11 accounts for customerId = 12212
16:26:24.272 [main] INFO  com.parasoft.parabank.dao.jdbc.JdbcCustomerDao - Getting customer object for id = -1
16:26:24.273 [main] ERROR com.parasoft.parabank.service.ParaBankServiceImpl - DataAccessException caught :
org.springframework.dao.EmptyResultDataAccessException: Incorrect result size: expected 1, actual 0
	at org.springframework.dao.support.DataAccessUtils.nullableSingleResult(DataAccessUtils.java:97) ~[spring-tx-5.3.24.jar:5.3.24]
	at org.springframework.jdbc.core.JdbcTemplate.queryForObject(JdbcTemplate.java:887) ~[spring-jdbc-5.3.24.jar:5.3.24]
	at com.parasoft.parabank.dao.jdbc.JdbcCustomerDao.getCustomer(JdbcCustomerDao.java:81) ~[classes/:?]
	at com.parasoft.parabank.domain.logic.impl.BankManagerImpl.getCustomer(BankManagerImpl.java:185) ~[classes/:?]
	at jdk.internal.reflect.NativeMethodAccessorImpl.invoke0(Native Method) ~[?:?]
	at jdk.internal.reflect.NativeMethodAccessorImpl.invoke(NativeMethodAccessorImpl.java:62) ~[?:?]
	at jdk.internal.reflect.DelegatingMethodAccessorImpl.invoke(DelegatingMethodAccessorImpl.java:43) ~[?:?]
	at java.lang.reflect.Method.invoke(Method.java:566) ~[?:?]
	at org.springframework.aop.support.AopUtils.invokeJoinpointUsingReflection(AopUtils.java:344) ~[spring-aop-5.3.24.jar:5.3.24]
	at org.springframework.aop.framework.ReflectiveMethodInvocation.invokeJoinpoint(ReflectiveMethodInvocation.java:198) ~[spring-aop-5.3.24.jar:5.3.24]
	at org.springframework.aop.framework.ReflectiveMethodInvocation.proceed(ReflectiveMethodInvocation.java:163) ~[spring-aop-5.3.24.jar:5.3.24]
	at org.springframework.transaction.interceptor.TransactionInterceptor$1.proceedWithInvocation(TransactionInterceptor.java:123) ~[spring-tx-5.3.24.jar:5.3.24]
	at org.springframework.transaction.interceptor.TransactionAspectSupport.invokeWithinTransaction(TransactionAspectSupport.java:388) ~[spring-tx-5.3.24.jar:5.3.24]
	at org.springframework.transaction.interceptor.TransactionInterceptor.invoke(TransactionInterceptor.java:119) ~[spring-tx-5.3.24.jar:5.3.24]
	at org.springframework.aop.framework.ReflectiveMethodInvocation.proceed(ReflectiveMethodInvocation.java:186) ~[spring-aop-5.3.24.jar:5.3.24]
	at org.springframework.aop.interceptor.ExposeInvocationInterceptor.invoke(ExposeInvocationInterceptor.java:97) ~[spring-aop-5.3.24.jar:5.3.24]
	at org.springframework.aop.framework.ReflectiveMethodInvocation.proceed(ReflectiveMethodInvocation.java:186) ~[spring-aop-5.3.24.jar:5.3.24]
	at org.springframework.aop.framework.JdkDynamicAopProxy.invoke(JdkDynamicAopProxy.java:215) ~[spring-aop-5.3.24.jar:5.3.24]
	at com.sun.proxy.$Proxy90.getCustomer(Unknown Source) ~[?:?]
	at com.parasoft.parabank.service.ParaBankServiceImpl.getAccounts(ParaBankServiceImpl.java:139) ~[classes/:?]
	at com.parasoft.parabank.service.ParaBankServiceImplTest.testGetAccounts(ParaBankServiceImplTest.java:188) ~[test-classes/:?]
	at jdk.internal.reflect.NativeMethodAccessorImpl.invoke0(Native Method) ~[?:?]
	at jdk.internal.reflect.NativeMethodAccessorImpl.invoke(NativeMethodAccessorImpl.java:62) ~[?:?]
	at jdk.internal.reflect.DelegatingMethodAccessorImpl.invoke(DelegatingMethodAccessorImpl.java:43) ~[?:?]
	at java.lang.reflect.Method.invoke(Method.java:566) ~[?:?]
	at org.junit.runners.model.FrameworkMethod$1.runReflectiveCall(FrameworkMethod.java:59) ~[junit-4.13.2.jar:4.13.2]
	at org.junit.internal.runners.model.ReflectiveCallable.run(ReflectiveCallable.java:12) ~[junit-4.13.2.jar:4.13.2]
	at org.junit.runners.model.FrameworkMethod.invokeExplosively(FrameworkMethod.java:56) ~[junit-4.13.2.jar:4.13.2]
	at org.junit.internal.runners.statements.InvokeMethod.evaluate(InvokeMethod.java:17) ~[junit-4.13.2.jar:4.13.2]
	at org.springframework.test.context.junit4.statements.RunBeforeTestExecutionCallbacks.evaluate(RunBeforeTestExecutionCallbacks.java:74) ~[spring-test-5.3.24.jar:5.3.24]
	at org.springframework.test.context.junit4.statements.RunAfterTestExecutionCallbacks.evaluate(RunAfterTestExecutionCallbacks.java:84) ~[spring-test-5.3.24.jar:5.3.24]
	at org.junit.internal.runners.statements.RunBefores.evaluate(RunBefores.java:26) ~[junit-4.13.2.jar:4.13.2]
	at org.springframework.test.context.junit4.statements.RunBeforeTestMethodCallbacks.evaluate(RunBeforeTestMethodCallbacks.java:75) ~[spring-test-5.3.24.jar:5.3.24]
	at org.junit.internal.runners.statements.RunAfters.evaluate(RunAfters.java:27) ~[junit-4.13.2.jar:4.13.2]
	at org.springframework.test.context.junit4.statements.RunAfterTestMethodCallbacks.evaluate(RunAfterTestMethodCallbacks.java:86) ~[spring-test-5.3.24.jar:5.3.24]
	at com.github.tomakehurst.wiremock.junit.WireMockRule$1.evaluate(WireMockRule.java:67) ~[wiremock-jre8-2.35.0.jar:?]
	at org.springframework.test.context.junit4.statements.SpringRepeat.evaluate(SpringRepeat.java:84) ~[spring-test-5.3.24.jar:5.3.24]
	at org.junit.runners.ParentRunner.runLeaf(ParentRunner.java:366) ~[junit-4.13.2.jar:4.13.2]
	at org.springframework.test.context.junit4.SpringJUnit4ClassRunner.runChild(SpringJUnit4ClassRunner.java:251) ~[spring-test-5.3.24.jar:5.3.24]
	at org.springframework.test.context.junit4.SpringJUnit4ClassRunner.runChild(SpringJUnit4ClassRunner.java:97) ~[spring-test-5.3.24.jar:5.3.24]
	at org.junit.runners.ParentRunner$4.run(ParentRunner.java:331) ~[junit-4.13.2.jar:4.13.2]
	at org.junit.runners.ParentRunner$1.schedule(ParentRunner.java:79) ~[junit-4.13.2.jar:4.13.2]
	at org.junit.runners.ParentRunner.runChildren(ParentRunner.java:329) ~[junit-4.13.2.jar:4.13.2]
	at org.junit.runners.ParentRunner.access$100(ParentRunner.java:66) ~[junit-4.13.2.jar:4.13.2]
	at org.junit.runners.ParentRunner$2.evaluate(ParentRunner.java:293) ~[junit-4.13.2.jar:4.13.2]
	at org.junit.internal.runners.statements.RunBefores.evaluate(RunBefores.java:26) ~[junit-4.13.2.jar:4.13.2]
	at org.springframework.test.context.junit4.statements.RunBeforeTestClassCallbacks.evaluate(RunBeforeTestClassCallbacks.java:61) ~[spring-test-5.3.24.jar:5.3.24]
	at org.junit.internal.runners.statements.RunAfters.evaluate(RunAfters.java:27) ~[junit-4.13.2.jar:4.13.2]
	at org.springframework.test.context.junit4.statements.RunAfterTestClassCallbacks.evaluate(RunAfterTestClassCallbacks.java:70) ~[spring-test-5.3.24.jar:5.3.24]
	at org.junit.runners.ParentRunner$3.evaluate(ParentRunner.java:306) ~[junit-4.13.2.jar:4.13.2]
	at org.junit.runners.ParentRunner.run(ParentRunner.java:413) ~[junit-4.13.2.jar:4.13.2]
	at org.springframework.test.context.junit4.SpringJUnit4ClassRunner.run(SpringJUnit4ClassRunner.java:190) ~[spring-test-5.3.24.jar:5.3.24]
	at org.apache.maven.surefire.junit4.JUnit4Provider.execute(JUnit4Provider.java:377) ~[surefire-junit4-3.0.0-M7.jar:3.0.0-M7]
	at org.apache.maven.surefire.junit4.JUnit4Provider.executeWithRerun(JUnit4Provider.java:284) ~[surefire-junit4-3.0.0-M7.jar:3.0.0-M7]
	at org.apache.maven.surefire.junit4.JUnit4Provider.executeTestSet(JUnit4Provider.java:248) ~[surefire-junit4-3.0.0-M7.jar:3.0.0-M7]
	at org.apache.maven.surefire.junit4.JUnit4Provider.invoke(JUnit4Provider.java:167) ~[surefire-junit4-3.0.0-M7.jar:3.0.0-M7]
	at org.apache.maven.surefire.booter.ForkedBooter.runSuitesInProcess(ForkedBooter.java:456) ~[surefire-booter-3.0.0-M7.jar:3.0.0-M7]
	at org.apache.maven.surefire.booter.ForkedBooter.execute(ForkedBooter.java:169) ~[surefire-booter-3.0.0-M7.jar:3.0.0-M7]
	at org.apache.maven.surefire.booter.ForkedBooter.run(ForkedBooter.java:595) ~[surefire-booter-3.0.0-M7.jar:3.0.0-M7]
	at org.apache.maven.surefire.booter.ForkedBooter.main(ForkedBooter.java:581) ~[surefire-booter-3.0.0-M7.jar:3.0.0-M7]
16:26:24.275 [main] INFO  org.eclipse.jetty.server.AbstractConnector - Stopped NetworkTrafficServerConnector@4f3891db{HTTP/1.1, (http/1.1, h2c)}{0.0.0.0:19089}
16:26:24.275 [main] INFO  org.eclipse.jetty.server.handler.ContextHandler - Stopped o.e.j.s.ServletContextHandler@21826d78{/,null,STOPPED}
16:26:24.275 [main] INFO  org.eclipse.jetty.server.handler.ContextHandler - Stopped o.e.j.s.ServletContextHandler@58f7544c{/__admin,null,STOPPED}
]]></system-out>
  </testcase>
  <testcase name="testWithdraw" classname="com.parasoft.parabank.service.ParaBankServiceImplTest" time="0.136">
    <system-out><![CDATA[16:26:24.281 [main] INFO  org.eclipse.jetty.server.Server - jetty-9.4.49.v20220914; built: 2022-09-14T01:07:36.601Z; git: 4231a3b2e4cb8548a412a789936d640a97b1aa0a; jvm 11.0.10+8-LTS-162
16:26:24.282 [main] INFO  org.eclipse.jetty.server.handler.ContextHandler - Started o.e.j.s.ServletContextHandler@20c7028e{/__admin,null,AVAILABLE}
16:26:24.282 [main] INFO  org.eclipse.jetty.server.handler.ContextHandler.ROOT - RequestHandlerClass from context returned com.github.tomakehurst.wiremock.http.StubRequestHandler. Normalized mapped under returned 'null'
16:26:24.282 [main] INFO  org.eclipse.jetty.server.handler.ContextHandler - Started o.e.j.s.ServletContextHandler@4b082a6e{/,null,AVAILABLE}
16:26:24.284 [main] INFO  org.eclipse.jetty.server.AbstractConnector - Started NetworkTrafficServerConnector@6aaa7944{HTTP/1.1, (http/1.1, h2c)}{0.0.0.0:19089}
16:26:24.284 [main] INFO  org.eclipse.jetty.server.Server - Started @23137ms
16:26:24.393 [qtp872394953-731] INFO  org.eclipse.jetty.server.handler.ContextHandler.__admin - RequestHandlerClass from context returned com.github.tomakehurst.wiremock.http.AdminRequestHandler. Normalized mapped under returned 'null'
16:26:24.395 [main] INFO  com.parasoft.parabank.test.util.AbstractParaBankDataSourceTest - loaded requestLoan mock for wsdl
16:26:24.398 [main] INFO  com.parasoft.parabank.test.util.AbstractParaBankDataSourceTest - loaded requestLoan mock for 10.00
16:26:24.401 [main] INFO  com.parasoft.parabank.test.util.AbstractParaBankDataSourceTest - loaded requestLoan mock for 100.00
16:26:24.404 [main] INFO  com.parasoft.parabank.test.util.AbstractParaBankDataSourceTest - loaded requestLoan mock for 1000.00
16:26:24.407 [main] INFO  com.parasoft.parabank.test.util.AbstractParaBankDataSourceTest - loaded requestLoan mock for 10000.00
16:26:24.408 [main] INFO  com.parasoft.parabank.dao.jdbc.JdbcAccountDao - Getting account object for id = 12345
16:26:24.410 [main] INFO  com.parasoft.parabank.dao.jdbc.JdbcAccountDao - Updated information for account with id = 12345
16:26:24.410 [main] INFO  com.parasoft.parabank.domain.logic.impl.BankManagerImpl - Debited account with id = 12345 in the amount of 100.00
16:26:24.412 [main] INFO  com.parasoft.parabank.dao.jdbc.JdbcTransactionDao - Created new transaction with id = 14476
16:26:24.412 [main] INFO  com.parasoft.parabank.domain.logic.impl.BankManagerImpl - Created debit transaction with id = 14476 with description: Withdraw via Web Service
16:26:24.412 [main] INFO  com.parasoft.parabank.dao.jdbc.JdbcAccountDao - Getting account object for id = -1
16:26:24.413 [main] ERROR com.parasoft.parabank.service.ParaBankServiceImpl - DataAccessException caught :
org.springframework.dao.EmptyResultDataAccessException: Incorrect result size: expected 1, actual 0
	at org.springframework.dao.support.DataAccessUtils.nullableSingleResult(DataAccessUtils.java:97) ~[spring-tx-5.3.24.jar:5.3.24]
	at org.springframework.jdbc.core.JdbcTemplate.queryForObject(JdbcTemplate.java:887) ~[spring-jdbc-5.3.24.jar:5.3.24]
	at com.parasoft.parabank.dao.jdbc.JdbcAccountDao.getAccount(JdbcAccountDao.java:107) ~[classes/:?]
	at com.parasoft.parabank.domain.logic.impl.BankManagerImpl.withdraw(BankManagerImpl.java:409) ~[classes/:?]
	at jdk.internal.reflect.NativeMethodAccessorImpl.invoke0(Native Method) ~[?:?]
	at jdk.internal.reflect.NativeMethodAccessorImpl.invoke(NativeMethodAccessorImpl.java:62) ~[?:?]
	at jdk.internal.reflect.DelegatingMethodAccessorImpl.invoke(DelegatingMethodAccessorImpl.java:43) ~[?:?]
	at java.lang.reflect.Method.invoke(Method.java:566) ~[?:?]
	at org.springframework.aop.support.AopUtils.invokeJoinpointUsingReflection(AopUtils.java:344) ~[spring-aop-5.3.24.jar:5.3.24]
	at org.springframework.aop.framework.ReflectiveMethodInvocation.invokeJoinpoint(ReflectiveMethodInvocation.java:198) ~[spring-aop-5.3.24.jar:5.3.24]
	at org.springframework.aop.framework.ReflectiveMethodInvocation.proceed(ReflectiveMethodInvocation.java:163) ~[spring-aop-5.3.24.jar:5.3.24]
	at org.springframework.transaction.interceptor.TransactionInterceptor$1.proceedWithInvocation(TransactionInterceptor.java:123) ~[spring-tx-5.3.24.jar:5.3.24]
	at org.springframework.transaction.interceptor.TransactionAspectSupport.invokeWithinTransaction(TransactionAspectSupport.java:388) ~[spring-tx-5.3.24.jar:5.3.24]
	at org.springframework.transaction.interceptor.TransactionInterceptor.invoke(TransactionInterceptor.java:119) ~[spring-tx-5.3.24.jar:5.3.24]
	at org.springframework.aop.framework.ReflectiveMethodInvocation.proceed(ReflectiveMethodInvocation.java:186) ~[spring-aop-5.3.24.jar:5.3.24]
	at org.springframework.aop.interceptor.ExposeInvocationInterceptor.invoke(ExposeInvocationInterceptor.java:97) ~[spring-aop-5.3.24.jar:5.3.24]
	at org.springframework.aop.framework.ReflectiveMethodInvocation.proceed(ReflectiveMethodInvocation.java:186) ~[spring-aop-5.3.24.jar:5.3.24]
	at org.springframework.aop.framework.JdkDynamicAopProxy.invoke(JdkDynamicAopProxy.java:215) ~[spring-aop-5.3.24.jar:5.3.24]
	at com.sun.proxy.$Proxy90.withdraw(Unknown Source) ~[?:?]
	at com.parasoft.parabank.service.ParaBankServiceImpl.withdraw(ParaBankServiceImpl.java:497) ~[classes/:?]
	at com.parasoft.parabank.service.ParaBankServiceImplTest.testWithdraw(ParaBankServiceImplTest.java:324) ~[test-classes/:?]
	at jdk.internal.reflect.NativeMethodAccessorImpl.invoke0(Native Method) ~[?:?]
	at jdk.internal.reflect.NativeMethodAccessorImpl.invoke(NativeMethodAccessorImpl.java:62) ~[?:?]
	at jdk.internal.reflect.DelegatingMethodAccessorImpl.invoke(DelegatingMethodAccessorImpl.java:43) ~[?:?]
	at java.lang.reflect.Method.invoke(Method.java:566) ~[?:?]
	at org.junit.runners.model.FrameworkMethod$1.runReflectiveCall(FrameworkMethod.java:59) ~[junit-4.13.2.jar:4.13.2]
	at org.junit.internal.runners.model.ReflectiveCallable.run(ReflectiveCallable.java:12) ~[junit-4.13.2.jar:4.13.2]
	at org.junit.runners.model.FrameworkMethod.invokeExplosively(FrameworkMethod.java:56) ~[junit-4.13.2.jar:4.13.2]
	at org.junit.internal.runners.statements.InvokeMethod.evaluate(InvokeMethod.java:17) ~[junit-4.13.2.jar:4.13.2]
	at org.springframework.test.context.junit4.statements.RunBeforeTestExecutionCallbacks.evaluate(RunBeforeTestExecutionCallbacks.java:74) ~[spring-test-5.3.24.jar:5.3.24]
	at org.springframework.test.context.junit4.statements.RunAfterTestExecutionCallbacks.evaluate(RunAfterTestExecutionCallbacks.java:84) ~[spring-test-5.3.24.jar:5.3.24]
	at org.junit.internal.runners.statements.RunBefores.evaluate(RunBefores.java:26) ~[junit-4.13.2.jar:4.13.2]
	at org.springframework.test.context.junit4.statements.RunBeforeTestMethodCallbacks.evaluate(RunBeforeTestMethodCallbacks.java:75) ~[spring-test-5.3.24.jar:5.3.24]
	at org.junit.internal.runners.statements.RunAfters.evaluate(RunAfters.java:27) ~[junit-4.13.2.jar:4.13.2]
	at org.springframework.test.context.junit4.statements.RunAfterTestMethodCallbacks.evaluate(RunAfterTestMethodCallbacks.java:86) ~[spring-test-5.3.24.jar:5.3.24]
	at com.github.tomakehurst.wiremock.junit.WireMockRule$1.evaluate(WireMockRule.java:67) ~[wiremock-jre8-2.35.0.jar:?]
	at org.springframework.test.context.junit4.statements.SpringRepeat.evaluate(SpringRepeat.java:84) ~[spring-test-5.3.24.jar:5.3.24]
	at org.junit.runners.ParentRunner.runLeaf(ParentRunner.java:366) ~[junit-4.13.2.jar:4.13.2]
	at org.springframework.test.context.junit4.SpringJUnit4ClassRunner.runChild(SpringJUnit4ClassRunner.java:251) ~[spring-test-5.3.24.jar:5.3.24]
	at org.springframework.test.context.junit4.SpringJUnit4ClassRunner.runChild(SpringJUnit4ClassRunner.java:97) ~[spring-test-5.3.24.jar:5.3.24]
	at org.junit.runners.ParentRunner$4.run(ParentRunner.java:331) ~[junit-4.13.2.jar:4.13.2]
	at org.junit.runners.ParentRunner$1.schedule(ParentRunner.java:79) ~[junit-4.13.2.jar:4.13.2]
	at org.junit.runners.ParentRunner.runChildren(ParentRunner.java:329) ~[junit-4.13.2.jar:4.13.2]
	at org.junit.runners.ParentRunner.access$100(ParentRunner.java:66) ~[junit-4.13.2.jar:4.13.2]
	at org.junit.runners.ParentRunner$2.evaluate(ParentRunner.java:293) ~[junit-4.13.2.jar:4.13.2]
	at org.junit.internal.runners.statements.RunBefores.evaluate(RunBefores.java:26) ~[junit-4.13.2.jar:4.13.2]
	at org.springframework.test.context.junit4.statements.RunBeforeTestClassCallbacks.evaluate(RunBeforeTestClassCallbacks.java:61) ~[spring-test-5.3.24.jar:5.3.24]
	at org.junit.internal.runners.statements.RunAfters.evaluate(RunAfters.java:27) ~[junit-4.13.2.jar:4.13.2]
	at org.springframework.test.context.junit4.statements.RunAfterTestClassCallbacks.evaluate(RunAfterTestClassCallbacks.java:70) ~[spring-test-5.3.24.jar:5.3.24]
	at org.junit.runners.ParentRunner$3.evaluate(ParentRunner.java:306) ~[junit-4.13.2.jar:4.13.2]
	at org.junit.runners.ParentRunner.run(ParentRunner.java:413) ~[junit-4.13.2.jar:4.13.2]
	at org.springframework.test.context.junit4.SpringJUnit4ClassRunner.run(SpringJUnit4ClassRunner.java:190) ~[spring-test-5.3.24.jar:5.3.24]
	at org.apache.maven.surefire.junit4.JUnit4Provider.execute(JUnit4Provider.java:377) ~[surefire-junit4-3.0.0-M7.jar:3.0.0-M7]
	at org.apache.maven.surefire.junit4.JUnit4Provider.executeWithRerun(JUnit4Provider.java:284) ~[surefire-junit4-3.0.0-M7.jar:3.0.0-M7]
	at org.apache.maven.surefire.junit4.JUnit4Provider.executeTestSet(JUnit4Provider.java:248) ~[surefire-junit4-3.0.0-M7.jar:3.0.0-M7]
	at org.apache.maven.surefire.junit4.JUnit4Provider.invoke(JUnit4Provider.java:167) ~[surefire-junit4-3.0.0-M7.jar:3.0.0-M7]
	at org.apache.maven.surefire.booter.ForkedBooter.runSuitesInProcess(ForkedBooter.java:456) ~[surefire-booter-3.0.0-M7.jar:3.0.0-M7]
	at org.apache.maven.surefire.booter.ForkedBooter.execute(ForkedBooter.java:169) ~[surefire-booter-3.0.0-M7.jar:3.0.0-M7]
	at org.apache.maven.surefire.booter.ForkedBooter.run(ForkedBooter.java:595) ~[surefire-booter-3.0.0-M7.jar:3.0.0-M7]
	at org.apache.maven.surefire.booter.ForkedBooter.main(ForkedBooter.java:581) ~[surefire-booter-3.0.0-M7.jar:3.0.0-M7]
16:26:24.415 [main] INFO  org.eclipse.jetty.server.AbstractConnector - Stopped NetworkTrafficServerConnector@6aaa7944{HTTP/1.1, (http/1.1, h2c)}{0.0.0.0:19089}
16:26:24.415 [main] INFO  org.eclipse.jetty.server.handler.ContextHandler - Stopped o.e.j.s.ServletContextHandler@4b082a6e{/,null,STOPPED}
16:26:24.415 [main] INFO  org.eclipse.jetty.server.handler.ContextHandler - Stopped o.e.j.s.ServletContextHandler@20c7028e{/__admin,null,STOPPED}
]]></system-out>
  </testcase>
  <testcase name="testGetTransaction" classname="com.parasoft.parabank.service.ParaBankServiceImplTest" time="0.131">
    <system-out><![CDATA[16:26:24.420 [main] INFO  org.eclipse.jetty.server.Server - jetty-9.4.49.v20220914; built: 2022-09-14T01:07:36.601Z; git: 4231a3b2e4cb8548a412a789936d640a97b1aa0a; jvm 11.0.10+8-LTS-162
16:26:24.421 [main] INFO  org.eclipse.jetty.server.handler.ContextHandler - Started o.e.j.s.ServletContextHandler@7e8b070e{/__admin,null,AVAILABLE}
16:26:24.422 [main] INFO  org.eclipse.jetty.server.handler.ContextHandler.ROOT - RequestHandlerClass from context returned com.github.tomakehurst.wiremock.http.StubRequestHandler. Normalized mapped under returned 'null'
16:26:24.422 [main] INFO  org.eclipse.jetty.server.handler.ContextHandler - Started o.e.j.s.ServletContextHandler@209db88a{/,null,AVAILABLE}
16:26:24.423 [main] INFO  org.eclipse.jetty.server.AbstractConnector - Started NetworkTrafficServerConnector@27cda5f{HTTP/1.1, (http/1.1, h2c)}{0.0.0.0:19089}
16:26:24.423 [main] INFO  org.eclipse.jetty.server.Server - Started @23276ms
16:26:24.534 [qtp1223907812-741] INFO  org.eclipse.jetty.server.handler.ContextHandler.__admin - RequestHandlerClass from context returned com.github.tomakehurst.wiremock.http.AdminRequestHandler. Normalized mapped under returned 'null'
16:26:24.536 [main] INFO  com.parasoft.parabank.test.util.AbstractParaBankDataSourceTest - loaded requestLoan mock for wsdl
16:26:24.539 [main] INFO  com.parasoft.parabank.test.util.AbstractParaBankDataSourceTest - loaded requestLoan mock for 10.00
16:26:24.541 [main] INFO  com.parasoft.parabank.test.util.AbstractParaBankDataSourceTest - loaded requestLoan mock for 100.00
16:26:24.543 [main] INFO  com.parasoft.parabank.test.util.AbstractParaBankDataSourceTest - loaded requestLoan mock for 1000.00
16:26:24.546 [main] INFO  com.parasoft.parabank.test.util.AbstractParaBankDataSourceTest - loaded requestLoan mock for 10000.00
16:26:24.547 [main] INFO  com.parasoft.parabank.dao.jdbc.JdbcTransactionDao - Getting transaction object for id = 13033
16:26:24.547 [main] INFO  com.parasoft.parabank.dao.jdbc.JdbcTransactionDao - Getting transaction object for id = -1
16:26:24.548 [main] ERROR com.parasoft.parabank.service.ParaBankServiceImpl - DataAccessException caught :
org.springframework.dao.EmptyResultDataAccessException: Incorrect result size: expected 1, actual 0
	at org.springframework.dao.support.DataAccessUtils.nullableSingleResult(DataAccessUtils.java:97) ~[spring-tx-5.3.24.jar:5.3.24]
	at org.springframework.jdbc.core.JdbcTemplate.queryForObject(JdbcTemplate.java:887) ~[spring-jdbc-5.3.24.jar:5.3.24]
	at com.parasoft.parabank.dao.jdbc.JdbcTransactionDao.getTransaction(JdbcTransactionDao.java:75) ~[classes/:?]
	at com.parasoft.parabank.domain.logic.impl.BankManagerImpl.getTransaction(BankManagerImpl.java:249) ~[classes/:?]
	at jdk.internal.reflect.NativeMethodAccessorImpl.invoke0(Native Method) ~[?:?]
	at jdk.internal.reflect.NativeMethodAccessorImpl.invoke(NativeMethodAccessorImpl.java:62) ~[?:?]
	at jdk.internal.reflect.DelegatingMethodAccessorImpl.invoke(DelegatingMethodAccessorImpl.java:43) ~[?:?]
	at java.lang.reflect.Method.invoke(Method.java:566) ~[?:?]
	at org.springframework.aop.support.AopUtils.invokeJoinpointUsingReflection(AopUtils.java:344) ~[spring-aop-5.3.24.jar:5.3.24]
	at org.springframework.aop.framework.ReflectiveMethodInvocation.invokeJoinpoint(ReflectiveMethodInvocation.java:198) ~[spring-aop-5.3.24.jar:5.3.24]
	at org.springframework.aop.framework.ReflectiveMethodInvocation.proceed(ReflectiveMethodInvocation.java:163) ~[spring-aop-5.3.24.jar:5.3.24]
	at org.springframework.transaction.interceptor.TransactionInterceptor$1.proceedWithInvocation(TransactionInterceptor.java:123) ~[spring-tx-5.3.24.jar:5.3.24]
	at org.springframework.transaction.interceptor.TransactionAspectSupport.invokeWithinTransaction(TransactionAspectSupport.java:388) ~[spring-tx-5.3.24.jar:5.3.24]
	at org.springframework.transaction.interceptor.TransactionInterceptor.invoke(TransactionInterceptor.java:119) ~[spring-tx-5.3.24.jar:5.3.24]
	at org.springframework.aop.framework.ReflectiveMethodInvocation.proceed(ReflectiveMethodInvocation.java:186) ~[spring-aop-5.3.24.jar:5.3.24]
	at org.springframework.aop.interceptor.ExposeInvocationInterceptor.invoke(ExposeInvocationInterceptor.java:97) ~[spring-aop-5.3.24.jar:5.3.24]
	at org.springframework.aop.framework.ReflectiveMethodInvocation.proceed(ReflectiveMethodInvocation.java:186) ~[spring-aop-5.3.24.jar:5.3.24]
	at org.springframework.aop.framework.JdkDynamicAopProxy.invoke(JdkDynamicAopProxy.java:215) ~[spring-aop-5.3.24.jar:5.3.24]
	at com.sun.proxy.$Proxy90.getTransaction(Unknown Source) ~[?:?]
	at com.parasoft.parabank.service.ParaBankServiceImpl.getTransaction(ParaBankServiceImpl.java:232) ~[classes/:?]
	at com.parasoft.parabank.service.ParaBankServiceImplTest.testGetTransaction(ParaBankServiceImplTest.java:255) ~[test-classes/:?]
	at jdk.internal.reflect.NativeMethodAccessorImpl.invoke0(Native Method) ~[?:?]
	at jdk.internal.reflect.NativeMethodAccessorImpl.invoke(NativeMethodAccessorImpl.java:62) ~[?:?]
	at jdk.internal.reflect.DelegatingMethodAccessorImpl.invoke(DelegatingMethodAccessorImpl.java:43) ~[?:?]
	at java.lang.reflect.Method.invoke(Method.java:566) ~[?:?]
	at org.junit.runners.model.FrameworkMethod$1.runReflectiveCall(FrameworkMethod.java:59) ~[junit-4.13.2.jar:4.13.2]
	at org.junit.internal.runners.model.ReflectiveCallable.run(ReflectiveCallable.java:12) ~[junit-4.13.2.jar:4.13.2]
	at org.junit.runners.model.FrameworkMethod.invokeExplosively(FrameworkMethod.java:56) ~[junit-4.13.2.jar:4.13.2]
	at org.junit.internal.runners.statements.InvokeMethod.evaluate(InvokeMethod.java:17) ~[junit-4.13.2.jar:4.13.2]
	at org.springframework.test.context.junit4.statements.RunBeforeTestExecutionCallbacks.evaluate(RunBeforeTestExecutionCallbacks.java:74) ~[spring-test-5.3.24.jar:5.3.24]
	at org.springframework.test.context.junit4.statements.RunAfterTestExecutionCallbacks.evaluate(RunAfterTestExecutionCallbacks.java:84) ~[spring-test-5.3.24.jar:5.3.24]
	at org.junit.internal.runners.statements.RunBefores.evaluate(RunBefores.java:26) ~[junit-4.13.2.jar:4.13.2]
	at org.springframework.test.context.junit4.statements.RunBeforeTestMethodCallbacks.evaluate(RunBeforeTestMethodCallbacks.java:75) ~[spring-test-5.3.24.jar:5.3.24]
	at org.junit.internal.runners.statements.RunAfters.evaluate(RunAfters.java:27) ~[junit-4.13.2.jar:4.13.2]
	at org.springframework.test.context.junit4.statements.RunAfterTestMethodCallbacks.evaluate(RunAfterTestMethodCallbacks.java:86) ~[spring-test-5.3.24.jar:5.3.24]
	at com.github.tomakehurst.wiremock.junit.WireMockRule$1.evaluate(WireMockRule.java:67) ~[wiremock-jre8-2.35.0.jar:?]
	at org.springframework.test.context.junit4.statements.SpringRepeat.evaluate(SpringRepeat.java:84) ~[spring-test-5.3.24.jar:5.3.24]
	at org.junit.runners.ParentRunner.runLeaf(ParentRunner.java:366) ~[junit-4.13.2.jar:4.13.2]
	at org.springframework.test.context.junit4.SpringJUnit4ClassRunner.runChild(SpringJUnit4ClassRunner.java:251) ~[spring-test-5.3.24.jar:5.3.24]
	at org.springframework.test.context.junit4.SpringJUnit4ClassRunner.runChild(SpringJUnit4ClassRunner.java:97) ~[spring-test-5.3.24.jar:5.3.24]
	at org.junit.runners.ParentRunner$4.run(ParentRunner.java:331) ~[junit-4.13.2.jar:4.13.2]
	at org.junit.runners.ParentRunner$1.schedule(ParentRunner.java:79) ~[junit-4.13.2.jar:4.13.2]
	at org.junit.runners.ParentRunner.runChildren(ParentRunner.java:329) ~[junit-4.13.2.jar:4.13.2]
	at org.junit.runners.ParentRunner.access$100(ParentRunner.java:66) ~[junit-4.13.2.jar:4.13.2]
	at org.junit.runners.ParentRunner$2.evaluate(ParentRunner.java:293) ~[junit-4.13.2.jar:4.13.2]
	at org.junit.internal.runners.statements.RunBefores.evaluate(RunBefores.java:26) ~[junit-4.13.2.jar:4.13.2]
	at org.springframework.test.context.junit4.statements.RunBeforeTestClassCallbacks.evaluate(RunBeforeTestClassCallbacks.java:61) ~[spring-test-5.3.24.jar:5.3.24]
	at org.junit.internal.runners.statements.RunAfters.evaluate(RunAfters.java:27) ~[junit-4.13.2.jar:4.13.2]
	at org.springframework.test.context.junit4.statements.RunAfterTestClassCallbacks.evaluate(RunAfterTestClassCallbacks.java:70) ~[spring-test-5.3.24.jar:5.3.24]
	at org.junit.runners.ParentRunner$3.evaluate(ParentRunner.java:306) ~[junit-4.13.2.jar:4.13.2]
	at org.junit.runners.ParentRunner.run(ParentRunner.java:413) ~[junit-4.13.2.jar:4.13.2]
	at org.springframework.test.context.junit4.SpringJUnit4ClassRunner.run(SpringJUnit4ClassRunner.java:190) ~[spring-test-5.3.24.jar:5.3.24]
	at org.apache.maven.surefire.junit4.JUnit4Provider.execute(JUnit4Provider.java:377) ~[surefire-junit4-3.0.0-M7.jar:3.0.0-M7]
	at org.apache.maven.surefire.junit4.JUnit4Provider.executeWithRerun(JUnit4Provider.java:284) ~[surefire-junit4-3.0.0-M7.jar:3.0.0-M7]
	at org.apache.maven.surefire.junit4.JUnit4Provider.executeTestSet(JUnit4Provider.java:248) ~[surefire-junit4-3.0.0-M7.jar:3.0.0-M7]
	at org.apache.maven.surefire.junit4.JUnit4Provider.invoke(JUnit4Provider.java:167) ~[surefire-junit4-3.0.0-M7.jar:3.0.0-M7]
	at org.apache.maven.surefire.booter.ForkedBooter.runSuitesInProcess(ForkedBooter.java:456) ~[surefire-booter-3.0.0-M7.jar:3.0.0-M7]
	at org.apache.maven.surefire.booter.ForkedBooter.execute(ForkedBooter.java:169) ~[surefire-booter-3.0.0-M7.jar:3.0.0-M7]
	at org.apache.maven.surefire.booter.ForkedBooter.run(ForkedBooter.java:595) ~[surefire-booter-3.0.0-M7.jar:3.0.0-M7]
	at org.apache.maven.surefire.booter.ForkedBooter.main(ForkedBooter.java:581) ~[surefire-booter-3.0.0-M7.jar:3.0.0-M7]
16:26:24.550 [main] INFO  org.eclipse.jetty.server.AbstractConnector - Stopped NetworkTrafficServerConnector@27cda5f{HTTP/1.1, (http/1.1, h2c)}{0.0.0.0:19089}
16:26:24.550 [main] INFO  org.eclipse.jetty.server.handler.ContextHandler - Stopped o.e.j.s.ServletContextHandler@209db88a{/,null,STOPPED}
16:26:24.550 [main] INFO  org.eclipse.jetty.server.handler.ContextHandler - Stopped o.e.j.s.ServletContextHandler@7e8b070e{/__admin,null,STOPPED}
]]></system-out>
  </testcase>
  <testcase name="testRequestLoan" classname="com.parasoft.parabank.service.ParaBankServiceImplTest" time="0.198">
    <system-out><![CDATA[16:26:24.554 [main] INFO  org.eclipse.jetty.server.Server - jetty-9.4.49.v20220914; built: 2022-09-14T01:07:36.601Z; git: 4231a3b2e4cb8548a412a789936d640a97b1aa0a; jvm 11.0.10+8-LTS-162
16:26:24.555 [main] INFO  org.eclipse.jetty.server.handler.ContextHandler - Started o.e.j.s.ServletContextHandler@30584e91{/__admin,null,AVAILABLE}
16:26:24.555 [main] INFO  org.eclipse.jetty.server.handler.ContextHandler.ROOT - RequestHandlerClass from context returned com.github.tomakehurst.wiremock.http.StubRequestHandler. Normalized mapped under returned 'null'
16:26:24.555 [main] INFO  org.eclipse.jetty.server.handler.ContextHandler - Started o.e.j.s.ServletContextHandler@2706cee5{/,null,AVAILABLE}
16:26:24.556 [main] INFO  org.eclipse.jetty.server.AbstractConnector - Started NetworkTrafficServerConnector@1ebe17c9{HTTP/1.1, (http/1.1, h2c)}{0.0.0.0:19089}
16:26:24.556 [main] INFO  org.eclipse.jetty.server.Server - Started @23408ms
16:26:24.673 [qtp2078869422-751] INFO  org.eclipse.jetty.server.handler.ContextHandler.__admin - RequestHandlerClass from context returned com.github.tomakehurst.wiremock.http.AdminRequestHandler. Normalized mapped under returned 'null'
16:26:24.675 [main] INFO  com.parasoft.parabank.test.util.AbstractParaBankDataSourceTest - loaded requestLoan mock for wsdl
16:26:24.677 [main] INFO  com.parasoft.parabank.test.util.AbstractParaBankDataSourceTest - loaded requestLoan mock for 10.00
16:26:24.679 [main] INFO  com.parasoft.parabank.test.util.AbstractParaBankDataSourceTest - loaded requestLoan mock for 100.00
16:26:24.682 [main] INFO  com.parasoft.parabank.test.util.AbstractParaBankDataSourceTest - loaded requestLoan mock for 1000.00
16:26:24.684 [main] INFO  com.parasoft.parabank.test.util.AbstractParaBankDataSourceTest - loaded requestLoan mock for 10000.00
16:26:24.685 [main] INFO  com.parasoft.parabank.dao.jdbc.JdbcAccountDao - Retrieved 11 accounts for customerId = 12212
16:26:24.685 [main] INFO  com.parasoft.parabank.domain.logic.impl.BankManagerImpl - Submitting loan request for customer with id = 12212 in the amount of $100.00 at Mon Apr 17 16:26:24 CEST 2023
16:26:24.692 [main] INFO  org.apache.cxf.wsdl.service.factory.ReflectionServiceFactoryBean - Creating Service {http://service.parabank.parasoft.com/}LoanProcessorServiceImplService from WSDL: http://localhost:19089/wsdl/parabank/services/LoanProcessor?wsdl
16:26:24.696 [main] INFO  org.apache.cxf.wsdl.service.factory.ReflectionServiceFactoryBean - Creating Service {http://service.parabank.parasoft.com/}LoanProcessorServiceImplService from WSDL: http://localhost:19089/wsdl/parabank/services/LoanProcessor?wsdl
16:26:24.705 [main] INFO  com.parasoft.parabank.dao.jdbc.JdbcAccountDao - Created new account with id = 13566
16:26:24.705 [main] INFO  com.parasoft.parabank.dao.jdbc.JdbcAccountDao - Getting account object for id = 12345
16:26:24.707 [main] INFO  com.parasoft.parabank.dao.jdbc.JdbcAccountDao - Updated information for account with id = 12345
16:26:24.707 [main] INFO  com.parasoft.parabank.domain.logic.impl.BankManagerImpl - Debited account with id = 12345 in the amount of 100.00
16:26:24.708 [main] INFO  com.parasoft.parabank.dao.jdbc.JdbcTransactionDao - Created new transaction with id = 14476
16:26:24.708 [main] INFO  com.parasoft.parabank.domain.logic.impl.BankManagerImpl - Created debit transaction with id = 14476 with description: Down Payment for Loan # 13566
16:26:24.709 [main] INFO  com.parasoft.parabank.dao.jdbc.JdbcAccountDao - Retrieved 0 accounts for customerId = -1
16:26:24.709 [main] INFO  com.parasoft.parabank.domain.logic.impl.BankManagerImpl - Submitting loan request for customer with id = -1 in the amount of $100.00 at Mon Apr 17 16:26:24 CEST 2023
16:26:24.710 [main] INFO  org.apache.cxf.wsdl.service.factory.ReflectionServiceFactoryBean - Creating Service {http://service.parabank.parasoft.com/}LoanProcessorServiceImplService from WSDL: http://localhost:19089/wsdl/parabank/services/LoanProcessor?wsdl
16:26:24.714 [main] INFO  org.apache.cxf.wsdl.service.factory.ReflectionServiceFactoryBean - Creating Service {http://service.parabank.parasoft.com/}LoanProcessorServiceImplService from WSDL: http://localhost:19089/wsdl/parabank/services/LoanProcessor?wsdl
16:26:24.748 [main] ERROR com.parasoft.parabank.service.ParaBankServiceImpl - DataAccessException caught :
org.springframework.dao.DataIntegrityViolationException: PreparedStatementCallback; SQL [INSERT INTO Account (id, customer_id, type, balance) VALUES (?, ?, ?, ?)]; integrity constraint violation: foreign key no parent ; SYS_FK_10710 table: ACCOUNT value: -1; nested exception is java.sql.SQLIntegrityConstraintViolationException: integrity constraint violation: foreign key no parent ; SYS_FK_10710 table: ACCOUNT value: -1
	at org.springframework.jdbc.support.SQLExceptionSubclassTranslator.doTranslate(SQLExceptionSubclassTranslator.java:87) ~[spring-jdbc-5.3.24.jar:5.3.24]
	at org.springframework.jdbc.support.AbstractFallbackSQLExceptionTranslator.translate(AbstractFallbackSQLExceptionTranslator.java:70) ~[spring-jdbc-5.3.24.jar:5.3.24]
	at org.springframework.jdbc.support.AbstractFallbackSQLExceptionTranslator.translate(AbstractFallbackSQLExceptionTranslator.java:79) ~[spring-jdbc-5.3.24.jar:5.3.24]
	at org.springframework.jdbc.core.JdbcTemplate.translateException(JdbcTemplate.java:1541) ~[spring-jdbc-5.3.24.jar:5.3.24]
[...]
16:26:25.322 [main] INFO  com.parasoft.parabank.test.util.AbstractParaBankDataSourceTest - loaded requestLoan mock for 10.00
16:26:25.324 [main] INFO  com.parasoft.parabank.test.util.AbstractParaBankDataSourceTest - loaded requestLoan mock for 100.00
16:26:25.327 [main] INFO  com.parasoft.parabank.test.util.AbstractParaBankDataSourceTest - loaded requestLoan mock for 1000.00
16:26:25.329 [main] INFO  com.parasoft.parabank.test.util.AbstractParaBankDataSourceTest - loaded requestLoan mock for 10000.00
16:26:25.329 [main] INFO  com.parasoft.parabank.dao.jdbc.JdbcAccountDao - Getting account object for id = 12345
16:26:25.331 [main] INFO  com.parasoft.parabank.dao.jdbc.JdbcAccountDao - Updated information for account with id = 12345
16:26:25.331 [main] INFO  com.parasoft.parabank.domain.logic.impl.BankManagerImpl - Debited account with id = 12345 in the amount of 100.00
16:26:25.332 [main] INFO  com.parasoft.parabank.dao.jdbc.JdbcTransactionDao - Created new transaction with id = 14476
16:26:25.332 [main] INFO  com.parasoft.parabank.domain.logic.impl.BankManagerImpl - Created debit transaction with id = 14476 with description: Funds Transfer Sent
16:26:25.332 [main] INFO  com.parasoft.parabank.dao.jdbc.JdbcAccountDao - Getting account object for id = 54321
16:26:25.333 [main] INFO  com.parasoft.parabank.dao.jdbc.JdbcAccountDao - Updated information for account with id = 54321
16:26:25.333 [main] INFO  com.parasoft.parabank.domain.logic.impl.BankManagerImpl - Credited account with id = 54321 in the amount of 100.00
16:26:25.334 [main] INFO  com.parasoft.parabank.dao.jdbc.JdbcTransactionDao - Created new transaction with id = 14587
16:26:25.334 [main] INFO  com.parasoft.parabank.domain.logic.impl.BankManagerImpl - Created credit transaction with id = 14587 with description: Funds Transfer Received
16:26:25.334 [main] INFO  com.parasoft.parabank.dao.jdbc.JdbcAccountDao - Getting account object for id = -1
16:26:25.335 [main] ERROR com.parasoft.parabank.service.ParaBankServiceImpl - DataAccessException caught :
org.springframework.dao.EmptyResultDataAccessException: Incorrect result size: expected 1, actual 0
	at org.springframework.dao.support.DataAccessUtils.nullableSingleResult(DataAccessUtils.java:97) ~[spring-tx-5.3.24.jar:5.3.24]
	at org.springframework.jdbc.core.JdbcTemplate.queryForObject(JdbcTemplate.java:887) ~[spring-jdbc-5.3.24.jar:5.3.24]
	at com.parasoft.parabank.dao.jdbc.JdbcAccountDao.getAccount(JdbcAccountDao.java:107) ~[classes/:?]
	at com.parasoft.parabank.domain.logic.impl.BankManagerImpl.withdraw(BankManagerImpl.java:409) ~[classes/:?]
	at com.parasoft.parabank.domain.logic.impl.BankManagerImpl.transfer(BankManagerImpl.java:376) ~[classes/:?]
	at jdk.internal.reflect.NativeMethodAccessorImpl.invoke0(Native Method) ~[?:?]
	at jdk.internal.reflect.NativeMethodAccessorImpl.invoke(NativeMethodAccessorImpl.java:62) ~[?:?]
	at jdk.internal.reflect.DelegatingMethodAccessorImpl.invoke(DelegatingMethodAccessorImpl.java:43) ~[?:?]
	at java.lang.reflect.Method.invoke(Method.java:566) ~[?:?]
	at org.springframework.aop.support.AopUtils.invokeJoinpointUsingReflection(AopUtils.java:344) ~[spring-aop-5.3.24.jar:5.3.24]
	at org.springframework.aop.framework.ReflectiveMethodInvocation.invokeJoinpoint(ReflectiveMethodInvocation.java:198) ~[spring-aop-5.3.24.jar:5.3.24]
	at org.springframework.aop.framework.ReflectiveMethodInvocation.proceed(ReflectiveMethodInvocation.java:163) ~[spring-aop-5.3.24.jar:5.3.24]
	at org.springframework.transaction.interceptor.TransactionInterceptor$1.proceedWithInvocation(TransactionInterceptor.java:123) ~[spring-tx-5.3.24.jar:5.3.24]
	at org.springframework.transaction.interceptor.TransactionAspectSupport.invokeWithinTransaction(TransactionAspectSupport.java:388) ~[spring-tx-5.3.24.jar:5.3.24]
	at org.springframework.transaction.interceptor.TransactionInterceptor.invoke(TransactionInterceptor.java:119) ~[spring-tx-5.3.24.jar:5.3.24]
	at org.springframework.aop.framework.ReflectiveMethodInvocation.proceed(ReflectiveMethodInvocation.java:186) ~[spring-aop-5.3.24.jar:5.3.24]
	at org.springframework.aop.interceptor.ExposeInvocationInterceptor.invoke(ExposeInvocationInterceptor.java:97) ~[spring-aop-5.3.24.jar:5.3.24]
	at org.springframework.aop.framework.ReflectiveMethodInvocation.proceed(ReflectiveMethodInvocation.java:186) ~[spring-aop-5.3.24.jar:5.3.24]
	at org.springframework.aop.framework.JdkDynamicAopProxy.invoke(JdkDynamicAopProxy.java:215) ~[spring-aop-5.3.24.jar:5.3.24]
	at com.sun.proxy.$Proxy90.transfer(Unknown Source) ~[?:?]
	at com.parasoft.parabank.service.ParaBankServiceImpl.transfer(ParaBankServiceImpl.java:447) ~[classes/:?]
	at com.parasoft.parabank.service.ParaBankServiceImplTest.testTransfer(ParaBankServiceImplTest.java:310) ~[test-classes/:?]
	at jdk.internal.reflect.NativeMethodAccessorImpl.invoke0(Native Method) ~[?:?]
	at jdk.internal.reflect.NativeMethodAccessorImpl.invoke(NativeMethodAccessorImpl.java:62) ~[?:?]
	at jdk.internal.reflect.DelegatingMethodAccessorImpl.invoke(DelegatingMethodAccessorImpl.java:43) ~[?:?]
	at java.lang.reflect.Method.invoke(Method.java:566) ~[?:?]
	at org.junit.runners.model.FrameworkMethod$1.runReflectiveCall(FrameworkMethod.java:59) ~[junit-4.13.2.jar:4.13.2]
	at org.junit.internal.runners.model.ReflectiveCallable.run(ReflectiveCallable.java:12) ~[junit-4.13.2.jar:4.13.2]
	at org.junit.runners.model.FrameworkMethod.invokeExplosively(FrameworkMethod.java:56) ~[junit-4.13.2.jar:4.13.2]
	at org.junit.internal.runners.statements.InvokeMethod.evaluate(InvokeMethod.java:17) ~[junit-4.13.2.jar:4.13.2]
	at org.springframework.test.context.junit4.statements.RunBeforeTestExecutionCallbacks.evaluate(RunBeforeTestExecutionCallbacks.java:74) ~[spring-test-5.3.24.jar:5.3.24]
	at org.springframework.test.context.junit4.statements.RunAfterTestExecutionCallbacks.evaluate(RunAfterTestExecutionCallbacks.java:84) ~[spring-test-5.3.24.jar:5.3.24]
	at org.junit.internal.runners.statements.RunBefores.evaluate(RunBefores.java:26) ~[junit-4.13.2.jar:4.13.2]
	at org.springframework.test.context.junit4.statements.RunBeforeTestMethodCallbacks.evaluate(RunBeforeTestMethodCallbacks.java:75) ~[spring-test-5.3.24.jar:5.3.24]
	at org.junit.internal.runners.statements.RunAfters.evaluate(RunAfters.java:27) ~[junit-4.13.2.jar:4.13.2]
	at org.springframework.test.context.junit4.statements.RunAfterTestMethodCallbacks.evaluate(RunAfterTestMethodCallbacks.java:86) ~[spring-test-5.3.24.jar:5.3.24]
	at com.github.tomakehurst.wiremock.junit.WireMockRule$1.evaluate(WireMockRule.java:67) ~[wiremock-jre8-2.35.0.jar:?]
	at org.springframework.test.context.junit4.statements.SpringRepeat.evaluate(SpringRepeat.java:84) ~[spring-test-5.3.24.jar:5.3.24]
	at org.junit.runners.ParentRunner.runLeaf(ParentRunner.java:366) ~[junit-4.13.2.jar:4.13.2]
	at org.springframework.test.context.junit4.SpringJUnit4ClassRunner.runChild(SpringJUnit4ClassRunner.java:251) ~[spring-test-5.3.24.jar:5.3.24]
	at org.springframework.test.context.junit4.SpringJUnit4ClassRunner.runChild(SpringJUnit4ClassRunner.java:97) ~[spring-test-5.3.24.jar:5.3.24]
	at org.junit.runners.ParentRunner$4.run(ParentRunner.java:331) ~[junit-4.13.2.jar:4.13.2]
	at org.junit.runners.ParentRunner$1.schedule(ParentRunner.java:79) ~[junit-4.13.2.jar:4.13.2]
	at org.junit.runners.ParentRunner.runChildren(ParentRunner.java:329) ~[junit-4.13.2.jar:4.13.2]
	at org.junit.runners.ParentRunner.access$100(ParentRunner.java:66) ~[junit-4.13.2.jar:4.13.2]
	at org.junit.runners.ParentRunner$2.evaluate(ParentRunner.java:293) ~[junit-4.13.2.jar:4.13.2]
	at org.junit.internal.runners.statements.RunBefores.evaluate(RunBefores.java:26) ~[junit-4.13.2.jar:4.13.2]
	at org.springframework.test.context.junit4.statements.RunBeforeTestClassCallbacks.evaluate(RunBeforeTestClassCallbacks.java:61) ~[spring-test-5.3.24.jar:5.3.24]
	at org.junit.internal.runners.statements.RunAfters.evaluate(RunAfters.java:27) ~[junit-4.13.2.jar:4.13.2]
	at org.springframework.test.context.junit4.statements.RunAfterTestClassCallbacks.evaluate(RunAfterTestClassCallbacks.java:70) ~[spring-test-5.3.24.jar:5.3.24]
	at org.junit.runners.ParentRunner$3.evaluate(ParentRunner.java:306) ~[junit-4.13.2.jar:4.13.2]
	at org.junit.runners.ParentRunner.run(ParentRunner.java:413) ~[junit-4.13.2.jar:4.13.2]
	at org.springframework.test.context.junit4.SpringJUnit4ClassRunner.run(SpringJUnit4ClassRunner.java:190) ~[spring-test-5.3.24.jar:5.3.24]
	at org.apache.maven.surefire.junit4.JUnit4Provider.execute(JUnit4Provider.java:377) ~[surefire-junit4-3.0.0-M7.jar:3.0.0-M7]
	at org.apache.maven.surefire.junit4.JUnit4Provider.executeWithRerun(JUnit4Provider.java:284) ~[surefire-junit4-3.0.0-M7.jar:3.0.0-M7]
	at org.apache.maven.surefire.junit4.JUnit4Provider.executeTestSet(JUnit4Provider.java:248) ~[surefire-junit4-3.0.0-M7.jar:3.0.0-M7]
	at org.apache.maven.surefire.junit4.JUnit4Provider.invoke(JUnit4Provider.java:167) ~[surefire-junit4-3.0.0-M7.jar:3.0.0-M7]
	at org.apache.maven.surefire.booter.ForkedBooter.runSuitesInProcess(ForkedBooter.java:456) ~[surefire-booter-3.0.0-M7.jar:3.0.0-M7]
	at org.apache.maven.surefire.booter.ForkedBooter.execute(ForkedBooter.java:169) ~[surefire-booter-3.0.0-M7.jar:3.0.0-M7]
	at org.apache.maven.surefire.booter.ForkedBooter.run(ForkedBooter.java:595) ~[surefire-booter-3.0.0-M7.jar:3.0.0-M7]
	at org.apache.maven.surefire.booter.ForkedBooter.main(ForkedBooter.java:581) ~[surefire-booter-3.0.0-M7.jar:3.0.0-M7]
16:26:25.337 [main] INFO  org.eclipse.jetty.server.AbstractConnector - Stopped NetworkTrafficServerConnector@539f0729{HTTP/1.1, (http/1.1, h2c)}{0.0.0.0:19089}
16:26:25.337 [main] INFO  org.eclipse.jetty.server.handler.ContextHandler - Stopped o.e.j.s.ServletContextHandler@129bc797{/,null,STOPPED}
16:26:25.337 [main] INFO  org.eclipse.jetty.server.handler.ContextHandler - Stopped o.e.j.s.ServletContextHandler@769fbb26{/__admin,null,STOPPED}
]]></system-out>
  </testcase>
  <testcase name="testGetCustomer" classname="com.parasoft.parabank.service.ParaBankServiceImplTest" time="0.134">
    <system-out><![CDATA[16:26:25.341 [main] INFO  org.eclipse.jetty.server.Server - jetty-9.4.49.v20220914; built: 2022-09-14T01:07:36.601Z; git: 4231a3b2e4cb8548a412a789936d640a97b1aa0a; jvm 11.0.10+8-LTS-162
16:26:25.341 [main] INFO  org.eclipse.jetty.server.handler.ContextHandler - Started o.e.j.s.ServletContextHandler@706b68e6{/__admin,null,AVAILABLE}
16:26:25.342 [main] INFO  org.eclipse.jetty.server.handler.ContextHandler.ROOT - RequestHandlerClass from context returned com.github.tomakehurst.wiremock.http.StubRequestHandler. Normalized mapped under returned 'null'
16:26:25.342 [main] INFO  org.eclipse.jetty.server.handler.ContextHandler - Started o.e.j.s.ServletContextHandler@4c49471c{/,null,AVAILABLE}
16:26:25.343 [main] INFO  org.eclipse.jetty.server.AbstractConnector - Started NetworkTrafficServerConnector@764b7ff7{HTTP/1.1, (http/1.1, h2c)}{0.0.0.0:19089}
16:26:25.343 [main] INFO  org.eclipse.jetty.server.Server - Started @24196ms
16:26:25.456 [qtp1993043222-801] INFO  org.eclipse.jetty.server.handler.ContextHandler.__admin - RequestHandlerClass from context returned com.github.tomakehurst.wiremock.http.AdminRequestHandler. Normalized mapped under returned 'null'
16:26:25.458 [main] INFO  com.parasoft.parabank.test.util.AbstractParaBankDataSourceTest - loaded requestLoan mock for wsdl
16:26:25.460 [main] INFO  com.parasoft.parabank.test.util.AbstractParaBankDataSourceTest - loaded requestLoan mock for 10.00
16:26:25.463 [main] INFO  com.parasoft.parabank.test.util.AbstractParaBankDataSourceTest - loaded requestLoan mock for 100.00
16:26:25.465 [main] INFO  com.parasoft.parabank.test.util.AbstractParaBankDataSourceTest - loaded requestLoan mock for 1000.00
16:26:25.468 [main] INFO  com.parasoft.parabank.test.util.AbstractParaBankDataSourceTest - loaded requestLoan mock for 10000.00
16:26:25.469 [main] INFO  com.parasoft.parabank.dao.jdbc.JdbcCustomerDao - Getting customer object for id = 12212
16:26:25.470 [main] INFO  com.parasoft.parabank.dao.jdbc.JdbcCustomerDao - Getting customer object for id = -1
16:26:25.471 [main] ERROR com.parasoft.parabank.service.ParaBankServiceImpl - DataAccessException caught :
org.springframework.dao.EmptyResultDataAccessException: Incorrect result size: expected 1, actual 0
	at org.springframework.dao.support.DataAccessUtils.nullableSingleResult(DataAccessUtils.java:97) ~[spring-tx-5.3.24.jar:5.3.24]
	at org.springframework.jdbc.core.JdbcTemplate.queryForObject(JdbcTemplate.java:887) ~[spring-jdbc-5.3.24.jar:5.3.24]
	at com.parasoft.parabank.dao.jdbc.JdbcCustomerDao.getCustomer(JdbcCustomerDao.java:81) ~[classes/:?]
	at com.parasoft.parabank.domain.logic.impl.BankManagerImpl.getCustomer(BankManagerImpl.java:185) ~[classes/:?]
	at jdk.internal.reflect.NativeMethodAccessorImpl.invoke0(Native Method) ~[?:?]
	at jdk.internal.reflect.NativeMethodAccessorImpl.invoke(NativeMethodAccessorImpl.java:62) ~[?:?]
	at jdk.internal.reflect.DelegatingMethodAccessorImpl.invoke(DelegatingMethodAccessorImpl.java:43) ~[?:?]
	at java.lang.reflect.Method.invoke(Method.java:566) ~[?:?]
	at org.springframework.aop.support.AopUtils.invokeJoinpointUsingReflection(AopUtils.java:344) ~[spring-aop-5.3.24.jar:5.3.24]
	at org.springframework.aop.framework.ReflectiveMethodInvocation.invokeJoinpoint(ReflectiveMethodInvocation.java:198) ~[spring-aop-5.3.24.jar:5.3.24]
	at org.springframework.aop.framework.ReflectiveMethodInvocation.proceed(ReflectiveMethodInvocation.java:163) ~[spring-aop-5.3.24.jar:5.3.24]
	at org.springframework.transaction.interceptor.TransactionInterceptor$1.proceedWithInvocation(TransactionInterceptor.java:123) ~[spring-tx-5.3.24.jar:5.3.24]
	at org.springframework.transaction.interceptor.TransactionAspectSupport.invokeWithinTransaction(TransactionAspectSupport.java:388) ~[spring-tx-5.3.24.jar:5.3.24]
	at org.springframework.transaction.interceptor.TransactionInterceptor.invoke(TransactionInterceptor.java:119) ~[spring-tx-5.3.24.jar:5.3.24]
	at org.springframework.aop.framework.ReflectiveMethodInvocation.proceed(ReflectiveMethodInvocation.java:186) ~[spring-aop-5.3.24.jar:5.3.24]
	at org.springframework.aop.interceptor.ExposeInvocationInterceptor.invoke(ExposeInvocationInterceptor.java:97) ~[spring-aop-5.3.24.jar:5.3.24]
	at org.springframework.aop.framework.ReflectiveMethodInvocation.proceed(ReflectiveMethodInvocation.java:186) ~[spring-aop-5.3.24.jar:5.3.24]
	at org.springframework.aop.framework.JdkDynamicAopProxy.invoke(JdkDynamicAopProxy.java:215) ~[spring-aop-5.3.24.jar:5.3.24]
	at com.sun.proxy.$Proxy90.getCustomer(Unknown Source) ~[?:?]
	at com.parasoft.parabank.service.ParaBankServiceImpl.getCustomer(ParaBankServiceImpl.java:169) ~[classes/:?]
	at com.parasoft.parabank.service.ParaBankServiceImplTest.testGetCustomer(ParaBankServiceImplTest.java:201) ~[test-classes/:?]
	at jdk.internal.reflect.NativeMethodAccessorImpl.invoke0(Native Method) ~[?:?]
	at jdk.internal.reflect.NativeMethodAccessorImpl.invoke(NativeMethodAccessorImpl.java:62) ~[?:?]
	at jdk.internal.reflect.DelegatingMethodAccessorImpl.invoke(DelegatingMethodAccessorImpl.java:43) ~[?:?]
	at java.lang.reflect.Method.invoke(Method.java:566) ~[?:?]
	at org.junit.runners.model.FrameworkMethod$1.runReflectiveCall(FrameworkMethod.java:59) ~[junit-4.13.2.jar:4.13.2]
	at org.junit.internal.runners.model.ReflectiveCallable.run(ReflectiveCallable.java:12) ~[junit-4.13.2.jar:4.13.2]
	at org.junit.runners.model.FrameworkMethod.invokeExplosively(FrameworkMethod.java:56) ~[junit-4.13.2.jar:4.13.2]
	at org.junit.internal.runners.statements.InvokeMethod.evaluate(InvokeMethod.java:17) ~[junit-4.13.2.jar:4.13.2]
	at org.springframework.test.context.junit4.statements.RunBeforeTestExecutionCallbacks.evaluate(RunBeforeTestExecutionCallbacks.java:74) ~[spring-test-5.3.24.jar:5.3.24]
	at org.springframework.test.context.junit4.statements.RunAfterTestExecutionCallbacks.evaluate(RunAfterTestExecutionCallbacks.java:84) ~[spring-test-5.3.24.jar:5.3.24]
	at org.junit.internal.runners.statements.RunBefores.evaluate(RunBefores.java:26) ~[junit-4.13.2.jar:4.13.2]
	at org.springframework.test.context.junit4.statements.RunBeforeTestMethodCallbacks.evaluate(RunBeforeTestMethodCallbacks.java:75) ~[spring-test-5.3.24.jar:5.3.24]
	at org.junit.internal.runners.statements.RunAfters.evaluate(RunAfters.java:27) ~[junit-4.13.2.jar:4.13.2]
	at org.springframework.test.context.junit4.statements.RunAfterTestMethodCallbacks.evaluate(RunAfterTestMethodCallbacks.java:86) ~[spring-test-5.3.24.jar:5.3.24]
	at com.github.tomakehurst.wiremock.junit.WireMockRule$1.evaluate(WireMockRule.java:67) ~[wiremock-jre8-2.35.0.jar:?]
	at org.springframework.test.context.junit4.statements.SpringRepeat.evaluate(SpringRepeat.java:84) ~[spring-test-5.3.24.jar:5.3.24]
	at org.junit.runners.ParentRunner.runLeaf(ParentRunner.java:366) ~[junit-4.13.2.jar:4.13.2]
	at org.springframework.test.context.junit4.SpringJUnit4ClassRunner.runChild(SpringJUnit4ClassRunner.java:251) ~[spring-test-5.3.24.jar:5.3.24]
	at org.springframework.test.context.junit4.SpringJUnit4ClassRunner.runChild(SpringJUnit4ClassRunner.java:97) ~[spring-test-5.3.24.jar:5.3.24]
	at org.junit.runners.ParentRunner$4.run(ParentRunner.java:331) ~[junit-4.13.2.jar:4.13.2]
	at org.junit.runners.ParentRunner$1.schedule(ParentRunner.java:79) ~[junit-4.13.2.jar:4.13.2]
	at org.junit.runners.ParentRunner.runChildren(ParentRunner.java:329) ~[junit-4.13.2.jar:4.13.2]
	at org.junit.runners.ParentRunner.access$100(ParentRunner.java:66) ~[junit-4.13.2.jar:4.13.2]
	at org.junit.runners.ParentRunner$2.evaluate(ParentRunner.java:293) ~[junit-4.13.2.jar:4.13.2]
	at org.junit.internal.runners.statements.RunBefores.evaluate(RunBefores.java:26) ~[junit-4.13.2.jar:4.13.2]
	at org.springframework.test.context.junit4.statements.RunBeforeTestClassCallbacks.evaluate(RunBeforeTestClassCallbacks.java:61) ~[spring-test-5.3.24.jar:5.3.24]
	at org.junit.internal.runners.statements.RunAfters.evaluate(RunAfters.java:27) ~[junit-4.13.2.jar:4.13.2]
	at org.springframework.test.context.junit4.statements.RunAfterTestClassCallbacks.evaluate(RunAfterTestClassCallbacks.java:70) ~[spring-test-5.3.24.jar:5.3.24]
	at org.junit.runners.ParentRunner$3.evaluate(ParentRunner.java:306) ~[junit-4.13.2.jar:4.13.2]
	at org.junit.runners.ParentRunner.run(ParentRunner.java:413) ~[junit-4.13.2.jar:4.13.2]
	at org.springframework.test.context.junit4.SpringJUnit4ClassRunner.run(SpringJUnit4ClassRunner.java:190) ~[spring-test-5.3.24.jar:5.3.24]
	at org.apache.maven.surefire.junit4.JUnit4Provider.execute(JUnit4Provider.java:377) ~[surefire-junit4-3.0.0-M7.jar:3.0.0-M7]
	at org.apache.maven.surefire.junit4.JUnit4Provider.executeWithRerun(JUnit4Provider.java:284) ~[surefire-junit4-3.0.0-M7.jar:3.0.0-M7]
	at org.apache.maven.surefire.junit4.JUnit4Provider.executeTestSet(JUnit4Provider.java:248) ~[surefire-junit4-3.0.0-M7.jar:3.0.0-M7]
	at org.apache.maven.surefire.junit4.JUnit4Provider.invoke(JUnit4Provider.java:167) ~[surefire-junit4-3.0.0-M7.jar:3.0.0-M7]
	at org.apache.maven.surefire.booter.ForkedBooter.runSuitesInProcess(ForkedBooter.java:456) ~[surefire-booter-3.0.0-M7.jar:3.0.0-M7]
	at org.apache.maven.surefire.booter.ForkedBooter.execute(ForkedBooter.java:169) ~[surefire-booter-3.0.0-M7.jar:3.0.0-M7]
	at org.apache.maven.surefire.booter.ForkedBooter.run(ForkedBooter.java:595) ~[surefire-booter-3.0.0-M7.jar:3.0.0-M7]
	at org.apache.maven.surefire.booter.ForkedBooter.main(ForkedBooter.java:581) ~[surefire-booter-3.0.0-M7.jar:3.0.0-M7]
16:26:25.474 [main] INFO  org.eclipse.jetty.server.AbstractConnector - Stopped NetworkTrafficServerConnector@764b7ff7{HTTP/1.1, (http/1.1, h2c)}{0.0.0.0:19089}
16:26:25.474 [main] INFO  org.eclipse.jetty.server.handler.ContextHandler - Stopped o.e.j.s.ServletContextHandler@4c49471c{/,null,STOPPED}
16:26:25.474 [main] INFO  org.eclipse.jetty.server.handler.ContextHandler - Stopped o.e.j.s.ServletContextHandler@706b68e6{/__admin,null,STOPPED}
]]></system-out>
  </testcase>
</testsuite>